[0.065s] Invoking command in '/home/suryaansh/URC_ws/build/turtlesim': CMAKE_PREFIX_PATH=${CMAKE_PREFIX_PATH}:/opt/ros/jazzy DEBUGINFOD_URLS=https://debuginfod.ubuntu.com /usr/bin/cmake /home/suryaansh/URC_ws/src/ros_tutorials/turtlesim -DCMAKE_INSTALL_PREFIX=/home/suryaansh/URC_ws/install/turtlesim
[0.283s] -- The C compiler identification is GNU 13.3.0
[0.493s] -- The CXX compiler identification is GNU 13.3.0
[0.553s] -- Detecting C compiler ABI info
[0.874s] -- Detecting C compiler ABI info - done
[0.923s] -- Check for working C compiler: /usr/bin/cc - skipped
[0.925s] -- Detecting C compile features
[0.926s] -- Detecting C compile features - done
[0.963s] -- Detecting CXX compiler ABI info
[1.304s] -- Detecting CXX compiler ABI info - done
[1.359s] -- Check for working CXX compiler: /usr/bin/c++ - skipped
[1.360s] -- Detecting CXX compile features
[1.362s] -- Detecting CXX compile features - done
[1.380s] -- Found ament_cmake: 2.5.4 (/opt/ros/jazzy/share/ament_cmake/cmake)
[2.002s] -- Found Python3: /usr/bin/python3 (found version "3.12.3") found components: Interpreter 
[2.448s] -- Found ament_index_cpp: 1.8.1 (/opt/ros/jazzy/share/ament_index_cpp/cmake)
[2.462s] -- Found geometry_msgs: 5.3.6 (/opt/ros/jazzy/share/geometry_msgs/cmake)
[2.714s] -- Found rosidl_generator_c: 4.6.6 (/opt/ros/jazzy/share/rosidl_generator_c/cmake)
[2.786s] -- Found rosidl_generator_cpp: 4.6.6 (/opt/ros/jazzy/share/rosidl_generator_cpp/cmake)
[2.868s] -- Using all available rosidl_typesupport_c: rosidl_typesupport_fastrtps_c;rosidl_typesupport_introspection_c
[2.982s] -- Using all available rosidl_typesupport_cpp: rosidl_typesupport_fastrtps_cpp;rosidl_typesupport_introspection_cpp
[3.296s] -- Found rcl_interfaces: 2.0.3 (/opt/ros/jazzy/share/rcl_interfaces/cmake)
[3.494s] -- Found rclcpp: 28.1.13 (/opt/ros/jazzy/share/rclcpp/cmake)
[3.630s] -- Found rmw_implementation_cmake: 7.3.2 (/opt/ros/jazzy/share/rmw_implementation_cmake/cmake)
[3.645s] -- Found rmw_fastrtps_cpp: 8.4.3 (/opt/ros/jazzy/share/rmw_fastrtps_cpp/cmake)
[4.001s] -- Found OpenSSL: /usr/lib/x86_64-linux-gnu/libcrypto.so (found version "3.0.13")  
[4.089s] -- Found FastRTPS: /opt/ros/jazzy/include (Required is at least version "2.13") 
[4.169s] -- Using RMW implementation 'rmw_fastrtps_cpp' as default
[4.499s] -- Found rclcpp_action: 28.1.13 (/opt/ros/jazzy/share/rclcpp_action/cmake)
[4.740s] -- Found rosidl_default_generators: 1.6.0 (/opt/ros/jazzy/share/rosidl_default_generators/cmake)
[4.812s] -- Found rosidl_adapter: 4.6.6 (/opt/ros/jazzy/share/rosidl_adapter/cmake)
[4.829s] -- Found std_srvs: 5.3.6 (/opt/ros/jazzy/share/std_srvs/cmake)
[6.860s] -- Found ament_cmake_ros: 0.12.0 (/opt/ros/jazzy/share/ament_cmake_ros/cmake)
[8.959s] -- Using all available rosidl_typesupport_c: rosidl_typesupport_fastrtps_c;rosidl_typesupport_introspection_c
[9.772s] -- Using all available rosidl_typesupport_cpp: rosidl_typesupport_fastrtps_cpp;rosidl_typesupport_introspection_cpp
[9.785s] -- Found python_cmake_module: 0.11.1 (/opt/ros/jazzy/share/python_cmake_module/cmake)
[10.315s] -- Found PythonExtra: /usr/bin/python3  
[13.773s] -- Found Python3: /usr/bin/python3 (found version "3.12.3") found components: Interpreter Development NumPy Development.Module Development.Embed 
[14.080s] -- Found ament_lint_auto: 0.17.3 (/opt/ros/jazzy/share/ament_lint_auto/cmake)
[14.374s] -- Added test 'copyright' to check source files copyright and LICENSE
[14.396s] -- Added test 'cppcheck' to perform static code analysis on C / C++ code
[14.412s] -- Configured cppcheck include dirs: /home/suryaansh/URC_ws/src/ros_tutorials/turtlesim/include
[14.413s] -- Configured cppcheck exclude dirs and/or files: 
[14.430s] -- Added test 'cpplint' to check C / C++ code against the Google style
[14.431s] -- Configured cpplint exclude dirs and/or files: 
[14.439s] -- Added test 'flake8' to check Python code syntax and style conventions
[14.439s] -- Configured 'flake8' exclude dirs and/or files: 
[14.450s] -- Added test 'lint_cmake' to check CMake code style
[14.460s] -- Added test 'pep257' to check Python code against some of the docstring style conventions in PEP 257
[14.476s] -- Added test 'uncrustify' to check C / C++ code style
[14.477s] -- Configured uncrustify additional arguments: 
[14.484s] -- Added test 'xmllint' to check XML markup files
[14.510s] -- Configuring done (14.4s)
[15.206s] -- Generating done (0.6s)
[15.388s] -- Build files have been written to: /home/suryaansh/URC_ws/build/turtlesim
[15.435s] Invoked command in '/home/suryaansh/URC_ws/build/turtlesim' returned '0': CMAKE_PREFIX_PATH=${CMAKE_PREFIX_PATH}:/opt/ros/jazzy DEBUGINFOD_URLS=https://debuginfod.ubuntu.com /usr/bin/cmake /home/suryaansh/URC_ws/src/ros_tutorials/turtlesim -DCMAKE_INSTALL_PREFIX=/home/suryaansh/URC_ws/install/turtlesim
[15.438s] Invoking command in '/home/suryaansh/URC_ws/build/turtlesim': CMAKE_PREFIX_PATH=${CMAKE_PREFIX_PATH}:/opt/ros/jazzy DEBUGINFOD_URLS=https://debuginfod.ubuntu.com /usr/bin/cmake --build /home/suryaansh/URC_ws/build/turtlesim -- -j8 -l8
[15.630s] [  0%] [34m[1mGenerating type hashes for ROS interfaces[0m
[15.709s] [  0%] Built target ament_cmake_python_copy_turtlesim
[17.642s] running egg_info
[17.646s] creating turtlesim.egg-info
[17.929s] writing turtlesim.egg-info/PKG-INFO
[17.935s] writing dependency_links to turtlesim.egg-info/dependency_links.txt
[17.936s] writing top-level names to turtlesim.egg-info/top_level.txt
[17.937s] writing manifest file 'turtlesim.egg-info/SOURCES.txt'
[18.288s] [  0%] Built target turtlesim__rosidl_generator_type_description
[18.456s] [  1%] [34m[1mGenerating C code for ROS interfaces[0m
[18.671s] [  2%] [34m[1mGenerating C++ code for ROS interfaces[0m
[18.751s] reading manifest file 'turtlesim.egg-info/SOURCES.txt'
[18.754s] writing manifest file 'turtlesim.egg-info/SOURCES.txt'
[18.977s] [  2%] Built target ament_cmake_python_build_turtlesim_egg
[25.634s] [  2%] Built target turtlesim__cpp
[27.074s] [  3%] [32mBuilding C object CMakeFiles/turtlesim__rosidl_generator_c.dir/rosidl_generator_c/turtlesim/action/detail/rotate_absolute__functions.c.o[0m
[27.077s] [  4%] [32mBuilding C object CMakeFiles/turtlesim__rosidl_generator_c.dir/rosidl_generator_c/turtlesim/action/detail/rotate_absolute__description.c.o[0m
[27.414s] [  5%] [32mBuilding C object CMakeFiles/turtlesim__rosidl_generator_c.dir/rosidl_generator_c/turtlesim/msg/detail/pose__functions.c.o[0m
[27.598s] [  6%] [32mBuilding C object CMakeFiles/turtlesim__rosidl_generator_c.dir/rosidl_generator_c/turtlesim/msg/detail/pose__type_support.c.o[0m
[27.700s] [  7%] [32mBuilding C object CMakeFiles/turtlesim__rosidl_generator_c.dir/rosidl_generator_c/turtlesim/srv/detail/kill__description.c.o[0m
[27.720s] [  8%] [32mBuilding C object CMakeFiles/turtlesim__rosidl_generator_c.dir/rosidl_generator_c/turtlesim/srv/detail/kill__functions.c.o[0m
[27.887s] [  9%] [32mBuilding C object CMakeFiles/turtlesim__rosidl_generator_c.dir/rosidl_generator_c/turtlesim/srv/detail/kill__type_support.c.o[0m
[27.975s] [  9%] [32mBuilding C object CMakeFiles/turtlesim__rosidl_generator_c.dir/rosidl_generator_c/turtlesim/srv/detail/set_pen__description.c.o[0m
[28.016s] [ 10%] [32mBuilding C object CMakeFiles/turtlesim__rosidl_generator_c.dir/rosidl_generator_c/turtlesim/srv/detail/set_pen__functions.c.o[0m
[28.166s] [ 11%] [32mBuilding C object CMakeFiles/turtlesim__rosidl_generator_c.dir/rosidl_generator_c/turtlesim/srv/detail/set_pen__type_support.c.o[0m
[28.278s] [ 12%] [32mBuilding C object CMakeFiles/turtlesim__rosidl_generator_c.dir/rosidl_generator_c/turtlesim/srv/detail/spawn__description.c.o[0m
[28.311s] [ 13%] [32mBuilding C object CMakeFiles/turtlesim__rosidl_generator_c.dir/rosidl_generator_c/turtlesim/srv/detail/spawn__functions.c.o[0m
[28.443s] [ 14%] [32mBuilding C object CMakeFiles/turtlesim__rosidl_generator_c.dir/rosidl_generator_c/turtlesim/srv/detail/spawn__type_support.c.o[0m
[28.584s] [ 15%] [32mBuilding C object CMakeFiles/turtlesim__rosidl_generator_c.dir/rosidl_generator_c/turtlesim/srv/detail/teleport_absolute__description.c.o[0m
[28.601s] [ 16%] [32mBuilding C object CMakeFiles/turtlesim__rosidl_generator_c.dir/rosidl_generator_c/turtlesim/srv/detail/teleport_absolute__functions.c.o[0m
[28.782s] [ 16%] [32mBuilding C object CMakeFiles/turtlesim__rosidl_generator_c.dir/rosidl_generator_c/turtlesim/srv/detail/teleport_absolute__type_support.c.o[0m
[28.826s] [ 17%] [32mBuilding C object CMakeFiles/turtlesim__rosidl_generator_c.dir/rosidl_generator_c/turtlesim/srv/detail/teleport_relative__description.c.o[0m
[28.912s] [ 18%] [32mBuilding C object CMakeFiles/turtlesim__rosidl_generator_c.dir/rosidl_generator_c/turtlesim/msg/detail/pose__description.c.o[0m
[28.938s] [ 19%] [32mBuilding C object CMakeFiles/turtlesim__rosidl_generator_c.dir/rosidl_generator_c/turtlesim/srv/detail/teleport_relative__functions.c.o[0m
[29.027s] [ 20%] [32mBuilding C object CMakeFiles/turtlesim__rosidl_generator_c.dir/rosidl_generator_c/turtlesim/srv/detail/teleport_relative__type_support.c.o[0m
[29.069s] [ 20%] [32mBuilding C object CMakeFiles/turtlesim__rosidl_generator_c.dir/rosidl_generator_c/turtlesim/msg/detail/color__type_support.c.o[0m
[29.177s] [ 21%] [32mBuilding C object CMakeFiles/turtlesim__rosidl_generator_c.dir/rosidl_generator_c/turtlesim/msg/detail/color__functions.c.o[0m
[29.209s] [ 22%] [32mBuilding C object CMakeFiles/turtlesim__rosidl_generator_c.dir/rosidl_generator_c/turtlesim/msg/detail/color__description.c.o[0m
[29.257s] [ 23%] [32mBuilding C object CMakeFiles/turtlesim__rosidl_generator_c.dir/rosidl_generator_c/turtlesim/action/detail/rotate_absolute__type_support.c.o[0m
[29.438s] [ 24%] [32m[1mLinking C shared library libturtlesim__rosidl_generator_c.so[0m
[29.656s] [ 24%] Built target turtlesim__rosidl_generator_c
[29.722s] [ 25%] [34m[1mGenerating C type support for eProsima Fast-RTPS[0m
[29.732s] [ 26%] [34m[1mGenerating C++ type support for eProsima Fast-RTPS[0m
[29.733s] [ 27%] [34m[1mGenerating C++ type support dispatch for ROS interfaces[0m
[33.275s] [ 28%] [32mBuilding CXX object CMakeFiles/turtlesim__rosidl_typesupport_cpp.dir/rosidl_typesupport_cpp/turtlesim/action/rotate_absolute__type_support.cpp.o[0m
[33.312s] [ 29%] [32mBuilding CXX object CMakeFiles/turtlesim__rosidl_typesupport_cpp.dir/rosidl_typesupport_cpp/turtlesim/msg/color__type_support.cpp.o[0m
[33.312s] [ 30%] [32mBuilding CXX object CMakeFiles/turtlesim__rosidl_typesupport_cpp.dir/rosidl_typesupport_cpp/turtlesim/msg/pose__type_support.cpp.o[0m
[35.847s] [ 31%] [32mBuilding CXX object CMakeFiles/turtlesim__rosidl_typesupport_fastrtps_cpp.dir/rosidl_typesupport_fastrtps_cpp/turtlesim/action/detail/dds_fastrtps/rotate_absolute__type_support.cpp.o[0m
[36.059s] [ 31%] [32mBuilding CXX object CMakeFiles/turtlesim__rosidl_typesupport_fastrtps_c.dir/rosidl_typesupport_fastrtps_c/turtlesim/action/detail/rotate_absolute__type_support_c.cpp.o[0m
[36.444s] [ 32%] [32mBuilding CXX object CMakeFiles/turtlesim__rosidl_typesupport_cpp.dir/rosidl_typesupport_cpp/turtlesim/srv/set_pen__type_support.cpp.o[0m
[37.875s] [ 32%] [32mBuilding CXX object CMakeFiles/turtlesim__rosidl_typesupport_cpp.dir/rosidl_typesupport_cpp/turtlesim/srv/kill__type_support.cpp.o[0m
[38.308s] [ 33%] [32mBuilding CXX object CMakeFiles/turtlesim__rosidl_typesupport_fastrtps_c.dir/rosidl_typesupport_fastrtps_c/turtlesim/msg/detail/pose__type_support_c.cpp.o[0m
[39.144s] [ 34%] [32mBuilding CXX object CMakeFiles/turtlesim__rosidl_typesupport_cpp.dir/rosidl_typesupport_cpp/turtlesim/srv/spawn__type_support.cpp.o[0m
[39.441s] [ 35%] [32mBuilding CXX object CMakeFiles/turtlesim__rosidl_typesupport_fastrtps_cpp.dir/rosidl_typesupport_fastrtps_cpp/turtlesim/msg/detail/dds_fastrtps/color__type_support.cpp.o[0m
[39.933s] [ 36%] [32mBuilding CXX object CMakeFiles/turtlesim__rosidl_typesupport_fastrtps_c.dir/rosidl_typesupport_fastrtps_c/turtlesim/srv/detail/kill__type_support_c.cpp.o[0m
[40.989s] [ 37%] [32mBuilding CXX object CMakeFiles/turtlesim__rosidl_typesupport_cpp.dir/rosidl_typesupport_cpp/turtlesim/srv/teleport_absolute__type_support.cpp.o[0m
[41.384s] [ 38%] [32mBuilding CXX object CMakeFiles/turtlesim__rosidl_typesupport_fastrtps_cpp.dir/rosidl_typesupport_fastrtps_cpp/turtlesim/msg/detail/dds_fastrtps/pose__type_support.cpp.o[0m
[41.976s] [ 39%] [32mBuilding CXX object CMakeFiles/turtlesim__rosidl_typesupport_fastrtps_c.dir/rosidl_typesupport_fastrtps_c/turtlesim/srv/detail/set_pen__type_support_c.cpp.o[0m
[42.524s] [ 40%] [32mBuilding CXX object CMakeFiles/turtlesim__rosidl_typesupport_cpp.dir/rosidl_typesupport_cpp/turtlesim/srv/teleport_relative__type_support.cpp.o[0m
[42.861s] [ 41%] [32mBuilding CXX object CMakeFiles/turtlesim__rosidl_typesupport_fastrtps_cpp.dir/rosidl_typesupport_fastrtps_cpp/turtlesim/srv/detail/dds_fastrtps/kill__type_support.cpp.o[0m
[43.547s] [ 42%] [32mBuilding CXX object CMakeFiles/turtlesim__rosidl_typesupport_fastrtps_c.dir/rosidl_typesupport_fastrtps_c/turtlesim/srv/detail/spawn__type_support_c.cpp.o[0m
[43.643s] [ 43%] [32m[1mLinking CXX shared library libturtlesim__rosidl_typesupport_cpp.so[0m
[43.946s] [ 43%] Built target turtlesim__rosidl_typesupport_cpp
[44.689s] [ 43%] [32mBuilding CXX object CMakeFiles/turtlesim__rosidl_typesupport_fastrtps_cpp.dir/rosidl_typesupport_fastrtps_cpp/turtlesim/srv/detail/dds_fastrtps/set_pen__type_support.cpp.o[0m
[44.971s] [ 43%] [32mBuilding CXX object CMakeFiles/turtlesim__rosidl_typesupport_fastrtps_c.dir/rosidl_typesupport_fastrtps_c/turtlesim/srv/detail/teleport_relative__type_support_c.cpp.o[0m
[46.367s] [ 44%] [32mBuilding CXX object CMakeFiles/turtlesim__rosidl_typesupport_fastrtps_c.dir/rosidl_typesupport_fastrtps_c/turtlesim/srv/detail/teleport_absolute__type_support_c.cpp.o[0m
[46.391s] [ 45%] [32mBuilding CXX object CMakeFiles/turtlesim__rosidl_typesupport_fastrtps_cpp.dir/rosidl_typesupport_fastrtps_cpp/turtlesim/srv/detail/dds_fastrtps/spawn__type_support.cpp.o[0m
[47.831s] [ 46%] [32mBuilding CXX object CMakeFiles/turtlesim__rosidl_typesupport_fastrtps_c.dir/rosidl_typesupport_fastrtps_c/turtlesim/msg/detail/color__type_support_c.cpp.o[0m
[48.159s] [ 47%] [32mBuilding CXX object CMakeFiles/turtlesim__rosidl_typesupport_fastrtps_cpp.dir/rosidl_typesupport_fastrtps_cpp/turtlesim/srv/detail/dds_fastrtps/teleport_absolute__type_support.cpp.o[0m
[48.868s] [ 47%] [32mBuilding CXX object CMakeFiles/draw_square.dir/tutorials/draw_square.cpp.o[0m
[48.874s] [ 48%] [32mBuilding CXX object CMakeFiles/turtle_teleop_key.dir/tutorials/teleop_turtle_key.cpp.o[0m
[49.141s] [ 49%] [32m[1mLinking CXX shared library libturtlesim__rosidl_typesupport_fastrtps_c.so[0m
[49.421s] [ 50%] [34m[1mGenerating include/turtlesim/moc_turtle_frame.cpp[0m
[49.423s] [ 50%] Built target turtlesim__rosidl_typesupport_fastrtps_c
[49.465s] [ 51%] [32mBuilding CXX object CMakeFiles/turtlesim__rosidl_typesupport_fastrtps_cpp.dir/rosidl_typesupport_fastrtps_cpp/turtlesim/srv/detail/dds_fastrtps/teleport_relative__type_support.cpp.o[0m
[49.467s] [ 51%] [34m[1mGenerating C++ introspection for ROS interfaces[0m
[49.711s] [ 52%] [32mBuilding CXX object CMakeFiles/turtlesim_node.dir/src/turtlesim.cpp.o[0m
[51.384s] [ 53%] [32m[1mLinking CXX shared library libturtlesim__rosidl_typesupport_fastrtps_cpp.so[0m
[51.745s] [ 53%] Built target turtlesim__rosidl_typesupport_fastrtps_cpp
[51.790s] [ 54%] [34m[1mGenerating C type support dispatch for ROS interfaces[0m
[51.822s] [ 55%] [32mBuilding CXX object CMakeFiles/turtlesim_node.dir/src/turtle.cpp.o[0m
[51.855s] [ 56%] [32mBuilding CXX object CMakeFiles/mimic.dir/tutorials/mimic.cpp.o[0m
[52.318s] [ 57%] [32mBuilding CXX object CMakeFiles/turtlesim__rosidl_typesupport_introspection_cpp.dir/rosidl_typesupport_introspection_cpp/turtlesim/action/detail/rotate_absolute__type_support.cpp.o[0m
[54.593s] [ 58%] [32mBuilding CXX object CMakeFiles/turtlesim__rosidl_typesupport_c.dir/rosidl_typesupport_c/turtlesim/action/rotate_absolute__type_support.cpp.o[0m
[54.947s] [ 59%] [32mBuilding CXX object CMakeFiles/turtlesim__rosidl_typesupport_c.dir/rosidl_typesupport_c/turtlesim/msg/color__type_support.cpp.o[0m
[55.226s] [ 60%] [32mBuilding CXX object CMakeFiles/turtlesim__rosidl_typesupport_c.dir/rosidl_typesupport_c/turtlesim/msg/pose__type_support.cpp.o[0m
[55.419s] [ 61%] [32mBuilding CXX object CMakeFiles/turtlesim__rosidl_typesupport_c.dir/rosidl_typesupport_c/turtlesim/srv/kill__type_support.cpp.o[0m
[55.625s] [ 62%] [32mBuilding CXX object CMakeFiles/turtlesim__rosidl_typesupport_c.dir/rosidl_typesupport_c/turtlesim/srv/set_pen__type_support.cpp.o[0m
[55.847s] [ 62%] [32mBuilding CXX object CMakeFiles/turtlesim__rosidl_typesupport_c.dir/rosidl_typesupport_c/turtlesim/srv/spawn__type_support.cpp.o[0m
[56.069s] [ 63%] [32mBuilding CXX object CMakeFiles/turtlesim__rosidl_typesupport_c.dir/rosidl_typesupport_c/turtlesim/srv/teleport_absolute__type_support.cpp.o[0m
[56.322s] [ 64%] [32mBuilding CXX object CMakeFiles/turtlesim__rosidl_typesupport_c.dir/rosidl_typesupport_c/turtlesim/srv/teleport_relative__type_support.cpp.o[0m
[56.382s] [ 65%] [32mBuilding CXX object CMakeFiles/turtlesim__rosidl_typesupport_introspection_cpp.dir/rosidl_typesupport_introspection_cpp/turtlesim/msg/detail/color__type_support.cpp.o[0m
[56.554s] [ 66%] [32m[1mLinking CXX shared library libturtlesim__rosidl_typesupport_c.so[0m
[56.829s] [ 66%] Built target turtlesim__rosidl_typesupport_c
[57.725s] [ 67%] [32mBuilding CXX object CMakeFiles/turtlesim__rosidl_typesupport_introspection_cpp.dir/rosidl_typesupport_introspection_cpp/turtlesim/msg/detail/pose__type_support.cpp.o[0m
[59.307s] [ 68%] [32mBuilding CXX object CMakeFiles/turtlesim__rosidl_typesupport_introspection_cpp.dir/rosidl_typesupport_introspection_cpp/turtlesim/srv/detail/kill__type_support.cpp.o[0m
[61.208s] [ 69%] [32mBuilding CXX object CMakeFiles/turtlesim__rosidl_typesupport_introspection_cpp.dir/rosidl_typesupport_introspection_cpp/turtlesim/srv/detail/set_pen__type_support.cpp.o[0m
[63.060s] [ 70%] [32mBuilding CXX object CMakeFiles/turtlesim__rosidl_typesupport_introspection_cpp.dir/rosidl_typesupport_introspection_cpp/turtlesim/srv/detail/spawn__type_support.cpp.o[0m
[65.027s] [ 70%] [32mBuilding CXX object CMakeFiles/turtlesim__rosidl_typesupport_introspection_cpp.dir/rosidl_typesupport_introspection_cpp/turtlesim/srv/detail/teleport_absolute__type_support.cpp.o[0m
[66.704s] [ 71%] [32mBuilding CXX object CMakeFiles/turtlesim__rosidl_typesupport_introspection_cpp.dir/rosidl_typesupport_introspection_cpp/turtlesim/srv/detail/teleport_relative__type_support.cpp.o[0m
[68.383s] [ 72%] [32m[1mLinking CXX shared library libturtlesim__rosidl_typesupport_introspection_cpp.so[0m
[68.733s] [ 72%] Built target turtlesim__rosidl_typesupport_introspection_cpp
[75.277s] [ 73%] [32m[1mLinking CXX executable turtle_teleop_key[0m
[76.844s] [ 73%] Built target turtle_teleop_key
[95.026s] [ 74%] [32m[1mLinking CXX executable mimic[0m
[95.672s] [ 75%] [32m[1mLinking CXX executable draw_square[0m
[97.231s] [ 75%] Built target mimic
[97.951s] [ 75%] Built target draw_square
[108.040s] [ 75%] [32mBuilding CXX object CMakeFiles/turtlesim_node.dir/include/turtlesim/moc_turtle_frame.cpp.o[0m
[114.109s] [ 76%] [32mBuilding CXX object CMakeFiles/turtlesim_node.dir/src/turtle_frame.cpp.o[0m
[132.192s] [ 77%] [32m[1mLinking CXX executable turtlesim_node[0m
[138.127s] [ 77%] Built target turtlesim_node
[138.218s] [ 78%] [34m[1mGenerating C introspection for ROS interfaces[0m
[143.755s] [ 79%] [32mBuilding C object CMakeFiles/turtlesim__rosidl_typesupport_introspection_c.dir/rosidl_typesupport_introspection_c/turtlesim/msg/detail/color__type_support.c.o[0m
[143.757s] [ 80%] [32mBuilding C object CMakeFiles/turtlesim__rosidl_typesupport_introspection_c.dir/rosidl_typesupport_introspection_c/turtlesim/action/detail/rotate_absolute__type_support.c.o[0m
[144.335s] [ 81%] [32mBuilding C object CMakeFiles/turtlesim__rosidl_typesupport_introspection_c.dir/rosidl_typesupport_introspection_c/turtlesim/srv/detail/teleport_relative__type_support.c.o[0m
[144.624s] [ 82%] [32mBuilding C object CMakeFiles/turtlesim__rosidl_typesupport_introspection_c.dir/rosidl_typesupport_introspection_c/turtlesim/srv/detail/teleport_absolute__type_support.c.o[0m
[144.954s] [ 83%] [32mBuilding C object CMakeFiles/turtlesim__rosidl_typesupport_introspection_c.dir/rosidl_typesupport_introspection_c/turtlesim/srv/detail/spawn__type_support.c.o[0m
[145.230s] [ 84%] [32mBuilding C object CMakeFiles/turtlesim__rosidl_typesupport_introspection_c.dir/rosidl_typesupport_introspection_c/turtlesim/srv/detail/set_pen__type_support.c.o[0m
[145.557s] [ 85%] [32mBuilding C object CMakeFiles/turtlesim__rosidl_typesupport_introspection_c.dir/rosidl_typesupport_introspection_c/turtlesim/srv/detail/kill__type_support.c.o[0m
[145.902s] [ 85%] [32mBuilding C object CMakeFiles/turtlesim__rosidl_typesupport_introspection_c.dir/rosidl_typesupport_introspection_c/turtlesim/msg/detail/pose__type_support.c.o[0m
[146.169s] [ 86%] [32m[1mLinking C shared library libturtlesim__rosidl_typesupport_introspection_c.so[0m
[146.444s] [ 86%] Built target turtlesim__rosidl_typesupport_introspection_c
[146.553s] [ 86%] Built target turtlesim
[146.641s] [ 86%] [34m[1mGenerating Python code for ROS interfaces[0m
[153.721s] [ 86%] Built target turtlesim__py
[153.775s] [ 87%] [32mBuilding C object CMakeFiles/turtlesim__rosidl_generator_py.dir/rosidl_generator_py/turtlesim/action/_rotate_absolute_s.c.o[0m
[154.296s] [ 88%] [32mBuilding C object CMakeFiles/turtlesim__rosidl_generator_py.dir/rosidl_generator_py/turtlesim/srv/_teleport_relative_s.c.o[0m
[154.725s] [ 89%] [32mBuilding C object CMakeFiles/turtlesim__rosidl_generator_py.dir/rosidl_generator_py/turtlesim/srv/_teleport_absolute_s.c.o[0m
[155.028s] [ 90%] [32mBuilding C object CMakeFiles/turtlesim__rosidl_generator_py.dir/rosidl_generator_py/turtlesim/srv/_spawn_s.c.o[0m
[155.325s] [ 91%] [32mBuilding C object CMakeFiles/turtlesim__rosidl_generator_py.dir/rosidl_generator_py/turtlesim/srv/_set_pen_s.c.o[0m
[155.629s] [ 92%] [32mBuilding C object CMakeFiles/turtlesim__rosidl_generator_py.dir/rosidl_generator_py/turtlesim/srv/_kill_s.c.o[0m
[155.916s] [ 92%] [32mBuilding C object CMakeFiles/turtlesim__rosidl_generator_py.dir/rosidl_generator_py/turtlesim/msg/_pose_s.c.o[0m
[156.189s] [ 93%] [32mBuilding C object CMakeFiles/turtlesim__rosidl_generator_py.dir/rosidl_generator_py/turtlesim/msg/_color_s.c.o[0m
[156.449s] [ 94%] [32m[1mLinking C shared library libturtlesim__rosidl_generator_py.so[0m
[156.543s] [ 94%] Built target turtlesim__rosidl_generator_py
[156.582s] [ 95%] [32mBuilding C object CMakeFiles/turtlesim_s__rosidl_typesupport_fastrtps_c.dir/rosidl_generator_py/turtlesim/_turtlesim_s.ep.rosidl_typesupport_fastrtps_c.c.o[0m
[156.934s] [ 96%] [32m[1mLinking C shared module rosidl_generator_py/turtlesim/turtlesim_s__rosidl_typesupport_fastrtps_c.so[0m
[156.994s] [ 96%] Built target turtlesim_s__rosidl_typesupport_fastrtps_c
[157.030s] [ 97%] [32mBuilding C object CMakeFiles/turtlesim_s__rosidl_typesupport_c.dir/rosidl_generator_py/turtlesim/_turtlesim_s.ep.rosidl_typesupport_c.c.o[0m
[157.335s] [ 98%] [32m[1mLinking C shared module rosidl_generator_py/turtlesim/turtlesim_s__rosidl_typesupport_c.so[0m
[157.390s] [ 98%] Built target turtlesim_s__rosidl_typesupport_c
[157.424s] [ 99%] [32mBuilding C object CMakeFiles/turtlesim_s__rosidl_typesupport_introspection_c.dir/rosidl_generator_py/turtlesim/_turtlesim_s.ep.rosidl_typesupport_introspection_c.c.o[0m
[157.728s] [100%] [32m[1mLinking C shared module rosidl_generator_py/turtlesim/turtlesim_s__rosidl_typesupport_introspection_c.so[0m
[157.783s] [100%] Built target turtlesim_s__rosidl_typesupport_introspection_c
[157.842s] Invoked command in '/home/suryaansh/URC_ws/build/turtlesim' returned '0': CMAKE_PREFIX_PATH=${CMAKE_PREFIX_PATH}:/opt/ros/jazzy DEBUGINFOD_URLS=https://debuginfod.ubuntu.com /usr/bin/cmake --build /home/suryaansh/URC_ws/build/turtlesim -- -j8 -l8
[157.875s] Invoking command in '/home/suryaansh/URC_ws/build/turtlesim': CMAKE_PREFIX_PATH=${CMAKE_PREFIX_PATH}:/opt/ros/jazzy DEBUGINFOD_URLS=https://debuginfod.ubuntu.com /usr/bin/cmake --install /home/suryaansh/URC_ws/build/turtlesim
[157.888s] -- Install configuration: ""
[157.889s] -- Installing: /home/suryaansh/URC_ws/install/turtlesim/share/ament_index/resource_index/rosidl_interfaces/turtlesim
[157.889s] -- Installing: /home/suryaansh/URC_ws/install/turtlesim/share/turtlesim/action/RotateAbsolute.json
[157.890s] -- Installing: /home/suryaansh/URC_ws/install/turtlesim/share/turtlesim/msg/Color.json
[157.890s] -- Installing: /home/suryaansh/URC_ws/install/turtlesim/share/turtlesim/msg/Pose.json
[157.890s] -- Installing: /home/suryaansh/URC_ws/install/turtlesim/share/turtlesim/srv/Kill.json
[157.891s] -- Installing: /home/suryaansh/URC_ws/install/turtlesim/share/turtlesim/srv/SetPen.json
[157.891s] -- Installing: /home/suryaansh/URC_ws/install/turtlesim/share/turtlesim/srv/Spawn.json
[157.891s] -- Installing: /home/suryaansh/URC_ws/install/turtlesim/share/turtlesim/srv/TeleportAbsolute.json
[157.892s] -- Installing: /home/suryaansh/URC_ws/install/turtlesim/share/turtlesim/srv/TeleportRelative.json
[157.892s] -- Installing: /home/suryaansh/URC_ws/install/turtlesim/include/turtlesim/turtlesim
[157.892s] -- Installing: /home/suryaansh/URC_ws/install/turtlesim/include/turtlesim/turtlesim/srv
[157.892s] -- Installing: /home/suryaansh/URC_ws/install/turtlesim/include/turtlesim/turtlesim/srv/kill.h
[157.893s] -- Installing: /home/suryaansh/URC_ws/install/turtlesim/include/turtlesim/turtlesim/srv/teleport_absolute.h
[157.893s] -- Installing: /home/suryaansh/URC_ws/install/turtlesim/include/turtlesim/turtlesim/srv/teleport_relative.h
[157.893s] -- Installing: /home/suryaansh/URC_ws/install/turtlesim/include/turtlesim/turtlesim/srv/detail
[157.893s] -- Installing: /home/suryaansh/URC_ws/install/turtlesim/include/turtlesim/turtlesim/srv/detail/teleport_relative__description.c
[157.894s] -- Installing: /home/suryaansh/URC_ws/install/turtlesim/include/turtlesim/turtlesim/srv/detail/teleport_absolute__functions.h
[157.894s] -- Installing: /home/suryaansh/URC_ws/install/turtlesim/include/turtlesim/turtlesim/srv/detail/teleport_absolute__struct.h
[157.894s] -- Installing: /home/suryaansh/URC_ws/install/turtlesim/include/turtlesim/turtlesim/srv/detail/spawn__functions.c
[157.894s] -- Installing: /home/suryaansh/URC_ws/install/turtlesim/include/turtlesim/turtlesim/srv/detail/kill__type_support.h
[157.894s] -- Installing: /home/suryaansh/URC_ws/install/turtlesim/include/turtlesim/turtlesim/srv/detail/teleport_relative__struct.h
[157.895s] -- Installing: /home/suryaansh/URC_ws/install/turtlesim/include/turtlesim/turtlesim/srv/detail/set_pen__description.c
[157.895s] -- Installing: /home/suryaansh/URC_ws/install/turtlesim/include/turtlesim/turtlesim/srv/detail/teleport_absolute__functions.c
[157.895s] -- Installing: /home/suryaansh/URC_ws/install/turtlesim/include/turtlesim/turtlesim/srv/detail/teleport_absolute__type_support.c
[157.895s] -- Installing: /home/suryaansh/URC_ws/install/turtlesim/include/turtlesim/turtlesim/srv/detail/teleport_relative__functions.h
[157.896s] -- Installing: /home/suryaansh/URC_ws/install/turtlesim/include/turtlesim/turtlesim/srv/detail/spawn__functions.h
[157.896s] -- Installing: /home/suryaansh/URC_ws/install/turtlesim/include/turtlesim/turtlesim/srv/detail/spawn__description.c
[157.896s] -- Installing: /home/suryaansh/URC_ws/install/turtlesim/include/turtlesim/turtlesim/srv/detail/kill__description.c
[157.896s] -- Installing: /home/suryaansh/URC_ws/install/turtlesim/include/turtlesim/turtlesim/srv/detail/set_pen__struct.h
[157.896s] -- Installing: /home/suryaansh/URC_ws/install/turtlesim/include/turtlesim/turtlesim/srv/detail/kill__type_support.c
[157.897s] -- Installing: /home/suryaansh/URC_ws/install/turtlesim/include/turtlesim/turtlesim/srv/detail/teleport_absolute__type_support.h
[157.897s] -- Installing: /home/suryaansh/URC_ws/install/turtlesim/include/turtlesim/turtlesim/srv/detail/set_pen__functions.c
[157.897s] -- Installing: /home/suryaansh/URC_ws/install/turtlesim/include/turtlesim/turtlesim/srv/detail/spawn__type_support.h
[157.897s] -- Installing: /home/suryaansh/URC_ws/install/turtlesim/include/turtlesim/turtlesim/srv/detail/kill__functions.c
[157.898s] -- Installing: /home/suryaansh/URC_ws/install/turtlesim/include/turtlesim/turtlesim/srv/detail/set_pen__type_support.c
[157.898s] -- Installing: /home/suryaansh/URC_ws/install/turtlesim/include/turtlesim/turtlesim/srv/detail/kill__functions.h
[157.898s] -- Installing: /home/suryaansh/URC_ws/install/turtlesim/include/turtlesim/turtlesim/srv/detail/teleport_relative__functions.c
[157.898s] -- Installing: /home/suryaansh/URC_ws/install/turtlesim/include/turtlesim/turtlesim/srv/detail/spawn__struct.h
[157.898s] -- Installing: /home/suryaansh/URC_ws/install/turtlesim/include/turtlesim/turtlesim/srv/detail/teleport_relative__type_support.c
[157.899s] -- Installing: /home/suryaansh/URC_ws/install/turtlesim/include/turtlesim/turtlesim/srv/detail/set_pen__type_support.h
[157.899s] -- Installing: /home/suryaansh/URC_ws/install/turtlesim/include/turtlesim/turtlesim/srv/detail/spawn__type_support.c
[157.899s] -- Installing: /home/suryaansh/URC_ws/install/turtlesim/include/turtlesim/turtlesim/srv/detail/teleport_relative__type_support.h
[157.899s] -- Installing: /home/suryaansh/URC_ws/install/turtlesim/include/turtlesim/turtlesim/srv/detail/teleport_absolute__description.c
[157.900s] -- Installing: /home/suryaansh/URC_ws/install/turtlesim/include/turtlesim/turtlesim/srv/detail/kill__struct.h
[157.900s] -- Installing: /home/suryaansh/URC_ws/install/turtlesim/include/turtlesim/turtlesim/srv/detail/set_pen__functions.h
[157.900s] -- Installing: /home/suryaansh/URC_ws/install/turtlesim/include/turtlesim/turtlesim/srv/set_pen.h
[157.900s] -- Installing: /home/suryaansh/URC_ws/install/turtlesim/include/turtlesim/turtlesim/srv/spawn.h
[157.901s] -- Installing: /home/suryaansh/URC_ws/install/turtlesim/include/turtlesim/turtlesim/msg
[157.901s] -- Installing: /home/suryaansh/URC_ws/install/turtlesim/include/turtlesim/turtlesim/msg/rosidl_generator_c__visibility_control.h
[157.901s] -- Installing: /home/suryaansh/URC_ws/install/turtlesim/include/turtlesim/turtlesim/msg/detail
[157.901s] -- Installing: /home/suryaansh/URC_ws/install/turtlesim/include/turtlesim/turtlesim/msg/detail/pose__type_support.h
[157.902s] -- Installing: /home/suryaansh/URC_ws/install/turtlesim/include/turtlesim/turtlesim/msg/detail/color__type_support.h
[157.902s] -- Installing: /home/suryaansh/URC_ws/install/turtlesim/include/turtlesim/turtlesim/msg/detail/color__functions.c
[157.902s] -- Installing: /home/suryaansh/URC_ws/install/turtlesim/include/turtlesim/turtlesim/msg/detail/color__description.c
[157.902s] -- Installing: /home/suryaansh/URC_ws/install/turtlesim/include/turtlesim/turtlesim/msg/detail/color__struct.h
[157.902s] -- Installing: /home/suryaansh/URC_ws/install/turtlesim/include/turtlesim/turtlesim/msg/detail/pose__functions.h
[157.903s] -- Installing: /home/suryaansh/URC_ws/install/turtlesim/include/turtlesim/turtlesim/msg/detail/pose__struct.h
[157.903s] -- Installing: /home/suryaansh/URC_ws/install/turtlesim/include/turtlesim/turtlesim/msg/detail/color__type_support.c
[157.903s] -- Installing: /home/suryaansh/URC_ws/install/turtlesim/include/turtlesim/turtlesim/msg/detail/pose__description.c
[157.903s] -- Installing: /home/suryaansh/URC_ws/install/turtlesim/include/turtlesim/turtlesim/msg/detail/pose__type_support.c
[157.903s] -- Installing: /home/suryaansh/URC_ws/install/turtlesim/include/turtlesim/turtlesim/msg/detail/color__functions.h
[157.904s] -- Installing: /home/suryaansh/URC_ws/install/turtlesim/include/turtlesim/turtlesim/msg/detail/pose__functions.c
[157.904s] -- Installing: /home/suryaansh/URC_ws/install/turtlesim/include/turtlesim/turtlesim/msg/pose.h
[157.904s] -- Installing: /home/suryaansh/URC_ws/install/turtlesim/include/turtlesim/turtlesim/msg/color.h
[157.904s] -- Installing: /home/suryaansh/URC_ws/install/turtlesim/include/turtlesim/turtlesim/action
[157.904s] -- Installing: /home/suryaansh/URC_ws/install/turtlesim/include/turtlesim/turtlesim/action/detail
[157.905s] -- Installing: /home/suryaansh/URC_ws/install/turtlesim/include/turtlesim/turtlesim/action/detail/rotate_absolute__functions.c
[157.905s] -- Installing: /home/suryaansh/URC_ws/install/turtlesim/include/turtlesim/turtlesim/action/detail/rotate_absolute__functions.h
[157.905s] -- Installing: /home/suryaansh/URC_ws/install/turtlesim/include/turtlesim/turtlesim/action/detail/rotate_absolute__type_support.h
[157.905s] -- Installing: /home/suryaansh/URC_ws/install/turtlesim/include/turtlesim/turtlesim/action/detail/rotate_absolute__type_support.c
[157.905s] -- Installing: /home/suryaansh/URC_ws/install/turtlesim/include/turtlesim/turtlesim/action/detail/rotate_absolute__struct.h
[157.906s] -- Installing: /home/suryaansh/URC_ws/install/turtlesim/include/turtlesim/turtlesim/action/detail/rotate_absolute__description.c
[157.906s] -- Installing: /home/suryaansh/URC_ws/install/turtlesim/include/turtlesim/turtlesim/action/rotate_absolute.h
[157.907s] -- Installing: /home/suryaansh/URC_ws/install/turtlesim/share/turtlesim/environment/library_path.sh
[157.907s] -- Installing: /home/suryaansh/URC_ws/install/turtlesim/share/turtlesim/environment/library_path.dsv
[157.907s] -- Installing: /home/suryaansh/URC_ws/install/turtlesim/lib/libturtlesim__rosidl_generator_c.so
[157.909s] -- Set non-toolchain portion of runtime path of "/home/suryaansh/URC_ws/install/turtlesim/lib/libturtlesim__rosidl_generator_c.so" to ""
[157.909s] -- Up-to-date: /home/suryaansh/URC_ws/install/turtlesim/include/turtlesim/turtlesim
[157.909s] -- Up-to-date: /home/suryaansh/URC_ws/install/turtlesim/include/turtlesim/turtlesim/srv
[157.909s] -- Up-to-date: /home/suryaansh/URC_ws/install/turtlesim/include/turtlesim/turtlesim/srv/detail
[157.910s] -- Installing: /home/suryaansh/URC_ws/install/turtlesim/include/turtlesim/turtlesim/srv/detail/teleport_absolute__rosidl_typesupport_fastrtps_c.h
[157.910s] -- Installing: /home/suryaansh/URC_ws/install/turtlesim/include/turtlesim/turtlesim/srv/detail/spawn__rosidl_typesupport_fastrtps_c.h
[157.910s] -- Installing: /home/suryaansh/URC_ws/install/turtlesim/include/turtlesim/turtlesim/srv/detail/teleport_relative__rosidl_typesupport_fastrtps_c.h
[157.910s] -- Installing: /home/suryaansh/URC_ws/install/turtlesim/include/turtlesim/turtlesim/srv/detail/kill__rosidl_typesupport_fastrtps_c.h
[157.910s] -- Installing: /home/suryaansh/URC_ws/install/turtlesim/include/turtlesim/turtlesim/srv/detail/set_pen__rosidl_typesupport_fastrtps_c.h
[157.911s] -- Up-to-date: /home/suryaansh/URC_ws/install/turtlesim/include/turtlesim/turtlesim/msg
[157.911s] -- Installing: /home/suryaansh/URC_ws/install/turtlesim/include/turtlesim/turtlesim/msg/rosidl_typesupport_fastrtps_c__visibility_control.h
[157.911s] -- Up-to-date: /home/suryaansh/URC_ws/install/turtlesim/include/turtlesim/turtlesim/msg/detail
[157.911s] -- Installing: /home/suryaansh/URC_ws/install/turtlesim/include/turtlesim/turtlesim/msg/detail/color__rosidl_typesupport_fastrtps_c.h
[157.911s] -- Installing: /home/suryaansh/URC_ws/install/turtlesim/include/turtlesim/turtlesim/msg/detail/pose__rosidl_typesupport_fastrtps_c.h
[157.912s] -- Up-to-date: /home/suryaansh/URC_ws/install/turtlesim/include/turtlesim/turtlesim/action
[157.912s] -- Up-to-date: /home/suryaansh/URC_ws/install/turtlesim/include/turtlesim/turtlesim/action/detail
[157.912s] -- Installing: /home/suryaansh/URC_ws/install/turtlesim/include/turtlesim/turtlesim/action/detail/rotate_absolute__rosidl_typesupport_fastrtps_c.h
[157.912s] -- Installing: /home/suryaansh/URC_ws/install/turtlesim/lib/libturtlesim__rosidl_typesupport_fastrtps_c.so
[157.913s] -- Set non-toolchain portion of runtime path of "/home/suryaansh/URC_ws/install/turtlesim/lib/libturtlesim__rosidl_typesupport_fastrtps_c.so" to ""
[157.913s] -- Up-to-date: /home/suryaansh/URC_ws/install/turtlesim/include/turtlesim/turtlesim
[157.913s] -- Up-to-date: /home/suryaansh/URC_ws/install/turtlesim/include/turtlesim/turtlesim/srv
[157.913s] -- Installing: /home/suryaansh/URC_ws/install/turtlesim/include/turtlesim/turtlesim/srv/kill.hpp
[157.914s] -- Up-to-date: /home/suryaansh/URC_ws/install/turtlesim/include/turtlesim/turtlesim/srv/detail
[157.914s] -- Installing: /home/suryaansh/URC_ws/install/turtlesim/include/turtlesim/turtlesim/srv/detail/kill__builder.hpp
[157.914s] -- Installing: /home/suryaansh/URC_ws/install/turtlesim/include/turtlesim/turtlesim/srv/detail/spawn__builder.hpp
[157.914s] -- Installing: /home/suryaansh/URC_ws/install/turtlesim/include/turtlesim/turtlesim/srv/detail/set_pen__type_support.hpp
[157.914s] -- Installing: /home/suryaansh/URC_ws/install/turtlesim/include/turtlesim/turtlesim/srv/detail/set_pen__struct.hpp
[157.915s] -- Installing: /home/suryaansh/URC_ws/install/turtlesim/include/turtlesim/turtlesim/srv/detail/teleport_relative__struct.hpp
[157.915s] -- Installing: /home/suryaansh/URC_ws/install/turtlesim/include/turtlesim/turtlesim/srv/detail/set_pen__traits.hpp
[157.915s] -- Installing: /home/suryaansh/URC_ws/install/turtlesim/include/turtlesim/turtlesim/srv/detail/teleport_absolute__type_support.hpp
[157.915s] -- Installing: /home/suryaansh/URC_ws/install/turtlesim/include/turtlesim/turtlesim/srv/detail/teleport_absolute__traits.hpp
[157.915s] -- Installing: /home/suryaansh/URC_ws/install/turtlesim/include/turtlesim/turtlesim/srv/detail/kill__type_support.hpp
[157.916s] -- Installing: /home/suryaansh/URC_ws/install/turtlesim/include/turtlesim/turtlesim/srv/detail/teleport_absolute__builder.hpp
[157.916s] -- Installing: /home/suryaansh/URC_ws/install/turtlesim/include/turtlesim/turtlesim/srv/detail/spawn__type_support.hpp
[157.916s] -- Installing: /home/suryaansh/URC_ws/install/turtlesim/include/turtlesim/turtlesim/srv/detail/kill__struct.hpp
[157.916s] -- Installing: /home/suryaansh/URC_ws/install/turtlesim/include/turtlesim/turtlesim/srv/detail/teleport_relative__builder.hpp
[157.916s] -- Installing: /home/suryaansh/URC_ws/install/turtlesim/include/turtlesim/turtlesim/srv/detail/kill__traits.hpp
[157.917s] -- Installing: /home/suryaansh/URC_ws/install/turtlesim/include/turtlesim/turtlesim/srv/detail/spawn__traits.hpp
[157.917s] -- Installing: /home/suryaansh/URC_ws/install/turtlesim/include/turtlesim/turtlesim/srv/detail/spawn__struct.hpp
[157.917s] -- Installing: /home/suryaansh/URC_ws/install/turtlesim/include/turtlesim/turtlesim/srv/detail/set_pen__builder.hpp
[157.917s] -- Installing: /home/suryaansh/URC_ws/install/turtlesim/include/turtlesim/turtlesim/srv/detail/teleport_absolute__struct.hpp
[157.917s] -- Installing: /home/suryaansh/URC_ws/install/turtlesim/include/turtlesim/turtlesim/srv/detail/teleport_relative__type_support.hpp
[157.918s] -- Installing: /home/suryaansh/URC_ws/install/turtlesim/include/turtlesim/turtlesim/srv/detail/teleport_relative__traits.hpp
[157.918s] -- Installing: /home/suryaansh/URC_ws/install/turtlesim/include/turtlesim/turtlesim/srv/teleport_absolute.hpp
[157.918s] -- Installing: /home/suryaansh/URC_ws/install/turtlesim/include/turtlesim/turtlesim/srv/set_pen.hpp
[157.918s] -- Installing: /home/suryaansh/URC_ws/install/turtlesim/include/turtlesim/turtlesim/srv/spawn.hpp
[157.918s] -- Installing: /home/suryaansh/URC_ws/install/turtlesim/include/turtlesim/turtlesim/srv/teleport_relative.hpp
[157.919s] -- Up-to-date: /home/suryaansh/URC_ws/install/turtlesim/include/turtlesim/turtlesim/msg
[157.919s] -- Installing: /home/suryaansh/URC_ws/install/turtlesim/include/turtlesim/turtlesim/msg/color.hpp
[157.919s] -- Up-to-date: /home/suryaansh/URC_ws/install/turtlesim/include/turtlesim/turtlesim/msg/detail
[157.919s] -- Installing: /home/suryaansh/URC_ws/install/turtlesim/include/turtlesim/turtlesim/msg/detail/pose__type_support.hpp
[157.919s] -- Installing: /home/suryaansh/URC_ws/install/turtlesim/include/turtlesim/turtlesim/msg/detail/pose__struct.hpp
[157.920s] -- Installing: /home/suryaansh/URC_ws/install/turtlesim/include/turtlesim/turtlesim/msg/detail/color__traits.hpp
[157.920s] -- Installing: /home/suryaansh/URC_ws/install/turtlesim/include/turtlesim/turtlesim/msg/detail/color__builder.hpp
[157.920s] -- Installing: /home/suryaansh/URC_ws/install/turtlesim/include/turtlesim/turtlesim/msg/detail/color__type_support.hpp
[157.920s] -- Installing: /home/suryaansh/URC_ws/install/turtlesim/include/turtlesim/turtlesim/msg/detail/pose__traits.hpp
[157.921s] -- Installing: /home/suryaansh/URC_ws/install/turtlesim/include/turtlesim/turtlesim/msg/detail/color__struct.hpp
[157.921s] -- Installing: /home/suryaansh/URC_ws/install/turtlesim/include/turtlesim/turtlesim/msg/detail/pose__builder.hpp
[157.921s] -- Installing: /home/suryaansh/URC_ws/install/turtlesim/include/turtlesim/turtlesim/msg/rosidl_generator_cpp__visibility_control.hpp
[157.921s] -- Installing: /home/suryaansh/URC_ws/install/turtlesim/include/turtlesim/turtlesim/msg/pose.hpp
[157.921s] -- Up-to-date: /home/suryaansh/URC_ws/install/turtlesim/include/turtlesim/turtlesim/action
[157.922s] -- Up-to-date: /home/suryaansh/URC_ws/install/turtlesim/include/turtlesim/turtlesim/action/detail
[157.922s] -- Installing: /home/suryaansh/URC_ws/install/turtlesim/include/turtlesim/turtlesim/action/detail/rotate_absolute__type_support.hpp
[157.922s] -- Installing: /home/suryaansh/URC_ws/install/turtlesim/include/turtlesim/turtlesim/action/detail/rotate_absolute__struct.hpp
[157.922s] -- Installing: /home/suryaansh/URC_ws/install/turtlesim/include/turtlesim/turtlesim/action/detail/rotate_absolute__traits.hpp
[157.922s] -- Installing: /home/suryaansh/URC_ws/install/turtlesim/include/turtlesim/turtlesim/action/detail/rotate_absolute__builder.hpp
[157.923s] -- Installing: /home/suryaansh/URC_ws/install/turtlesim/include/turtlesim/turtlesim/action/rotate_absolute.hpp
[157.923s] -- Up-to-date: /home/suryaansh/URC_ws/install/turtlesim/include/turtlesim/turtlesim
[157.923s] -- Up-to-date: /home/suryaansh/URC_ws/install/turtlesim/include/turtlesim/turtlesim/srv
[157.923s] -- Up-to-date: /home/suryaansh/URC_ws/install/turtlesim/include/turtlesim/turtlesim/srv/detail
[157.924s] -- Installing: /home/suryaansh/URC_ws/install/turtlesim/include/turtlesim/turtlesim/srv/detail/kill__rosidl_typesupport_fastrtps_cpp.hpp
[157.924s] -- Installing: /home/suryaansh/URC_ws/install/turtlesim/include/turtlesim/turtlesim/srv/detail/dds_fastrtps
[157.924s] -- Installing: /home/suryaansh/URC_ws/install/turtlesim/include/turtlesim/turtlesim/srv/detail/spawn__rosidl_typesupport_fastrtps_cpp.hpp
[157.924s] -- Installing: /home/suryaansh/URC_ws/install/turtlesim/include/turtlesim/turtlesim/srv/detail/set_pen__rosidl_typesupport_fastrtps_cpp.hpp
[157.924s] -- Installing: /home/suryaansh/URC_ws/install/turtlesim/include/turtlesim/turtlesim/srv/detail/teleport_relative__rosidl_typesupport_fastrtps_cpp.hpp
[157.924s] -- Installing: /home/suryaansh/URC_ws/install/turtlesim/include/turtlesim/turtlesim/srv/detail/teleport_absolute__rosidl_typesupport_fastrtps_cpp.hpp
[157.925s] -- Up-to-date: /home/suryaansh/URC_ws/install/turtlesim/include/turtlesim/turtlesim/msg
[157.925s] -- Up-to-date: /home/suryaansh/URC_ws/install/turtlesim/include/turtlesim/turtlesim/msg/detail
[157.925s] -- Installing: /home/suryaansh/URC_ws/install/turtlesim/include/turtlesim/turtlesim/msg/detail/pose__rosidl_typesupport_fastrtps_cpp.hpp
[157.925s] -- Installing: /home/suryaansh/URC_ws/install/turtlesim/include/turtlesim/turtlesim/msg/detail/dds_fastrtps
[157.925s] -- Installing: /home/suryaansh/URC_ws/install/turtlesim/include/turtlesim/turtlesim/msg/detail/color__rosidl_typesupport_fastrtps_cpp.hpp
[157.926s] -- Installing: /home/suryaansh/URC_ws/install/turtlesim/include/turtlesim/turtlesim/msg/rosidl_typesupport_fastrtps_cpp__visibility_control.h
[157.926s] -- Up-to-date: /home/suryaansh/URC_ws/install/turtlesim/include/turtlesim/turtlesim/action
[157.926s] -- Up-to-date: /home/suryaansh/URC_ws/install/turtlesim/include/turtlesim/turtlesim/action/detail
[157.926s] -- Installing: /home/suryaansh/URC_ws/install/turtlesim/include/turtlesim/turtlesim/action/detail/dds_fastrtps
[157.926s] -- Installing: /home/suryaansh/URC_ws/install/turtlesim/include/turtlesim/turtlesim/action/detail/rotate_absolute__rosidl_typesupport_fastrtps_cpp.hpp
[157.927s] -- Installing: /home/suryaansh/URC_ws/install/turtlesim/lib/libturtlesim__rosidl_typesupport_fastrtps_cpp.so
[157.927s] -- Set non-toolchain portion of runtime path of "/home/suryaansh/URC_ws/install/turtlesim/lib/libturtlesim__rosidl_typesupport_fastrtps_cpp.so" to ""
[157.927s] -- Up-to-date: /home/suryaansh/URC_ws/install/turtlesim/include/turtlesim/turtlesim
[157.927s] -- Up-to-date: /home/suryaansh/URC_ws/install/turtlesim/include/turtlesim/turtlesim/srv
[157.927s] -- Up-to-date: /home/suryaansh/URC_ws/install/turtlesim/include/turtlesim/turtlesim/srv/detail
[157.928s] -- Installing: /home/suryaansh/URC_ws/install/turtlesim/include/turtlesim/turtlesim/srv/detail/kill__rosidl_typesupport_introspection_c.h
[157.928s] -- Installing: /home/suryaansh/URC_ws/install/turtlesim/include/turtlesim/turtlesim/srv/detail/teleport_absolute__type_support.c
[157.928s] -- Installing: /home/suryaansh/URC_ws/install/turtlesim/include/turtlesim/turtlesim/srv/detail/spawn__rosidl_typesupport_introspection_c.h
[157.928s] -- Installing: /home/suryaansh/URC_ws/install/turtlesim/include/turtlesim/turtlesim/srv/detail/teleport_absolute__rosidl_typesupport_introspection_c.h
[157.928s] -- Installing: /home/suryaansh/URC_ws/install/turtlesim/include/turtlesim/turtlesim/srv/detail/kill__type_support.c
[157.929s] -- Installing: /home/suryaansh/URC_ws/install/turtlesim/include/turtlesim/turtlesim/srv/detail/set_pen__type_support.c
[157.929s] -- Installing: /home/suryaansh/URC_ws/install/turtlesim/include/turtlesim/turtlesim/srv/detail/teleport_relative__rosidl_typesupport_introspection_c.h
[157.929s] -- Installing: /home/suryaansh/URC_ws/install/turtlesim/include/turtlesim/turtlesim/srv/detail/set_pen__rosidl_typesupport_introspection_c.h
[157.929s] -- Installing: /home/suryaansh/URC_ws/install/turtlesim/include/turtlesim/turtlesim/srv/detail/teleport_relative__type_support.c
[157.929s] -- Installing: /home/suryaansh/URC_ws/install/turtlesim/include/turtlesim/turtlesim/srv/detail/spawn__type_support.c
[157.930s] -- Up-to-date: /home/suryaansh/URC_ws/install/turtlesim/include/turtlesim/turtlesim/msg
[157.930s] -- Up-to-date: /home/suryaansh/URC_ws/install/turtlesim/include/turtlesim/turtlesim/msg/detail
[157.930s] -- Installing: /home/suryaansh/URC_ws/install/turtlesim/include/turtlesim/turtlesim/msg/detail/color__rosidl_typesupport_introspection_c.h
[157.930s] -- Installing: /home/suryaansh/URC_ws/install/turtlesim/include/turtlesim/turtlesim/msg/detail/pose__rosidl_typesupport_introspection_c.h
[157.930s] -- Installing: /home/suryaansh/URC_ws/install/turtlesim/include/turtlesim/turtlesim/msg/detail/color__type_support.c
[157.931s] -- Installing: /home/suryaansh/URC_ws/install/turtlesim/include/turtlesim/turtlesim/msg/detail/pose__type_support.c
[157.931s] -- Installing: /home/suryaansh/URC_ws/install/turtlesim/include/turtlesim/turtlesim/msg/rosidl_typesupport_introspection_c__visibility_control.h
[157.931s] -- Up-to-date: /home/suryaansh/URC_ws/install/turtlesim/include/turtlesim/turtlesim/action
[157.931s] -- Up-to-date: /home/suryaansh/URC_ws/install/turtlesim/include/turtlesim/turtlesim/action/detail
[157.931s] -- Installing: /home/suryaansh/URC_ws/install/turtlesim/include/turtlesim/turtlesim/action/detail/rotate_absolute__rosidl_typesupport_introspection_c.h
[157.932s] -- Installing: /home/suryaansh/URC_ws/install/turtlesim/include/turtlesim/turtlesim/action/detail/rotate_absolute__type_support.c
[157.932s] -- Installing: /home/suryaansh/URC_ws/install/turtlesim/lib/libturtlesim__rosidl_typesupport_introspection_c.so
[157.932s] -- Set non-toolchain portion of runtime path of "/home/suryaansh/URC_ws/install/turtlesim/lib/libturtlesim__rosidl_typesupport_introspection_c.so" to ""
[157.932s] -- Installing: /home/suryaansh/URC_ws/install/turtlesim/lib/libturtlesim__rosidl_typesupport_c.so
[157.933s] -- Set non-toolchain portion of runtime path of "/home/suryaansh/URC_ws/install/turtlesim/lib/libturtlesim__rosidl_typesupport_c.so" to ""
[157.933s] -- Up-to-date: /home/suryaansh/URC_ws/install/turtlesim/include/turtlesim/turtlesim
[157.933s] -- Up-to-date: /home/suryaansh/URC_ws/install/turtlesim/include/turtlesim/turtlesim/srv
[157.933s] -- Up-to-date: /home/suryaansh/URC_ws/install/turtlesim/include/turtlesim/turtlesim/srv/detail
[157.933s] -- Installing: /home/suryaansh/URC_ws/install/turtlesim/include/turtlesim/turtlesim/srv/detail/kill__rosidl_typesupport_introspection_cpp.hpp
[157.934s] -- Installing: /home/suryaansh/URC_ws/install/turtlesim/include/turtlesim/turtlesim/srv/detail/teleport_relative__type_support.cpp
[157.934s] -- Installing: /home/suryaansh/URC_ws/install/turtlesim/include/turtlesim/turtlesim/srv/detail/spawn__rosidl_typesupport_introspection_cpp.hpp
[157.934s] -- Installing: /home/suryaansh/URC_ws/install/turtlesim/include/turtlesim/turtlesim/srv/detail/kill__type_support.cpp
[157.934s] -- Installing: /home/suryaansh/URC_ws/install/turtlesim/include/turtlesim/turtlesim/srv/detail/set_pen__type_support.cpp
[157.934s] -- Installing: /home/suryaansh/URC_ws/install/turtlesim/include/turtlesim/turtlesim/srv/detail/spawn__type_support.cpp
[157.935s] -- Installing: /home/suryaansh/URC_ws/install/turtlesim/include/turtlesim/turtlesim/srv/detail/teleport_relative__rosidl_typesupport_introspection_cpp.hpp
[157.935s] -- Installing: /home/suryaansh/URC_ws/install/turtlesim/include/turtlesim/turtlesim/srv/detail/set_pen__rosidl_typesupport_introspection_cpp.hpp
[157.935s] -- Installing: /home/suryaansh/URC_ws/install/turtlesim/include/turtlesim/turtlesim/srv/detail/teleport_absolute__type_support.cpp
[157.935s] -- Installing: /home/suryaansh/URC_ws/install/turtlesim/include/turtlesim/turtlesim/srv/detail/teleport_absolute__rosidl_typesupport_introspection_cpp.hpp
[157.936s] -- Up-to-date: /home/suryaansh/URC_ws/install/turtlesim/include/turtlesim/turtlesim/msg
[157.936s] -- Up-to-date: /home/suryaansh/URC_ws/install/turtlesim/include/turtlesim/turtlesim/msg/detail
[157.936s] -- Installing: /home/suryaansh/URC_ws/install/turtlesim/include/turtlesim/turtlesim/msg/detail/color__type_support.cpp
[157.936s] -- Installing: /home/suryaansh/URC_ws/install/turtlesim/include/turtlesim/turtlesim/msg/detail/pose__type_support.cpp
[157.937s] -- Installing: /home/suryaansh/URC_ws/install/turtlesim/include/turtlesim/turtlesim/msg/detail/color__rosidl_typesupport_introspection_cpp.hpp
[157.937s] -- Installing: /home/suryaansh/URC_ws/install/turtlesim/include/turtlesim/turtlesim/msg/detail/pose__rosidl_typesupport_introspection_cpp.hpp
[157.937s] -- Up-to-date: /home/suryaansh/URC_ws/install/turtlesim/include/turtlesim/turtlesim/action
[157.937s] -- Up-to-date: /home/suryaansh/URC_ws/install/turtlesim/include/turtlesim/turtlesim/action/detail
[157.937s] -- Installing: /home/suryaansh/URC_ws/install/turtlesim/include/turtlesim/turtlesim/action/detail/rotate_absolute__type_support.cpp
[157.937s] -- Installing: /home/suryaansh/URC_ws/install/turtlesim/include/turtlesim/turtlesim/action/detail/rotate_absolute__rosidl_typesupport_introspection_cpp.hpp
[157.938s] -- Installing: /home/suryaansh/URC_ws/install/turtlesim/lib/libturtlesim__rosidl_typesupport_introspection_cpp.so
[157.939s] -- Set non-toolchain portion of runtime path of "/home/suryaansh/URC_ws/install/turtlesim/lib/libturtlesim__rosidl_typesupport_introspection_cpp.so" to ""
[157.939s] -- Installing: /home/suryaansh/URC_ws/install/turtlesim/lib/libturtlesim__rosidl_typesupport_cpp.so
[157.940s] -- Set non-toolchain portion of runtime path of "/home/suryaansh/URC_ws/install/turtlesim/lib/libturtlesim__rosidl_typesupport_cpp.so" to ""
[157.941s] -- Installing: /home/suryaansh/URC_ws/install/turtlesim/share/turtlesim/environment/pythonpath.sh
[157.941s] -- Installing: /home/suryaansh/URC_ws/install/turtlesim/share/turtlesim/environment/pythonpath.dsv
[157.941s] -- Installing: /home/suryaansh/URC_ws/install/turtlesim/lib/python3.12/site-packages/turtlesim-1.8.3-py3.12.egg-info
[157.941s] -- Installing: /home/suryaansh/URC_ws/install/turtlesim/lib/python3.12/site-packages/turtlesim-1.8.3-py3.12.egg-info/PKG-INFO
[157.942s] -- Installing: /home/suryaansh/URC_ws/install/turtlesim/lib/python3.12/site-packages/turtlesim-1.8.3-py3.12.egg-info/top_level.txt
[157.942s] -- Installing: /home/suryaansh/URC_ws/install/turtlesim/lib/python3.12/site-packages/turtlesim-1.8.3-py3.12.egg-info/dependency_links.txt
[157.942s] -- Installing: /home/suryaansh/URC_ws/install/turtlesim/lib/python3.12/site-packages/turtlesim-1.8.3-py3.12.egg-info/SOURCES.txt
[157.942s] -- Installing: /home/suryaansh/URC_ws/install/turtlesim/lib/python3.12/site-packages/turtlesim
[157.943s] -- Installing: /home/suryaansh/URC_ws/install/turtlesim/lib/python3.12/site-packages/turtlesim/srv
[157.943s] -- Installing: /home/suryaansh/URC_ws/install/turtlesim/lib/python3.12/site-packages/turtlesim/srv/_teleport_relative.py
[157.943s] -- Installing: /home/suryaansh/URC_ws/install/turtlesim/lib/python3.12/site-packages/turtlesim/srv/_teleport_absolute_s.c
[157.943s] -- Installing: /home/suryaansh/URC_ws/install/turtlesim/lib/python3.12/site-packages/turtlesim/srv/_kill.py
[157.943s] -- Installing: /home/suryaansh/URC_ws/install/turtlesim/lib/python3.12/site-packages/turtlesim/srv/_kill_s.c
[157.944s] -- Installing: /home/suryaansh/URC_ws/install/turtlesim/lib/python3.12/site-packages/turtlesim/srv/_set_pen_s.c
[157.944s] -- Installing: /home/suryaansh/URC_ws/install/turtlesim/lib/python3.12/site-packages/turtlesim/srv/_spawn.py
[157.944s] -- Installing: /home/suryaansh/URC_ws/install/turtlesim/lib/python3.12/site-packages/turtlesim/srv/_teleport_absolute.py
[157.944s] -- Installing: /home/suryaansh/URC_ws/install/turtlesim/lib/python3.12/site-packages/turtlesim/srv/_teleport_relative_s.c
[157.944s] -- Installing: /home/suryaansh/URC_ws/install/turtlesim/lib/python3.12/site-packages/turtlesim/srv/_spawn_s.c
[157.945s] -- Installing: /home/suryaansh/URC_ws/install/turtlesim/lib/python3.12/site-packages/turtlesim/srv/_set_pen.py
[157.945s] -- Installing: /home/suryaansh/URC_ws/install/turtlesim/lib/python3.12/site-packages/turtlesim/srv/__init__.py
[157.945s] -- Installing: /home/suryaansh/URC_ws/install/turtlesim/lib/python3.12/site-packages/turtlesim/turtlesim_s__rosidl_typesupport_introspection_c.so
[157.945s] -- Installing: /home/suryaansh/URC_ws/install/turtlesim/lib/python3.12/site-packages/turtlesim/_turtlesim_s.ep.rosidl_typesupport_c.c
[157.945s] -- Installing: /home/suryaansh/URC_ws/install/turtlesim/lib/python3.12/site-packages/turtlesim/_turtlesim_s.ep.rosidl_typesupport_fastrtps_c.c
[157.946s] -- Installing: /home/suryaansh/URC_ws/install/turtlesim/lib/python3.12/site-packages/turtlesim/turtlesim_s__rosidl_typesupport_c.so
[157.946s] -- Installing: /home/suryaansh/URC_ws/install/turtlesim/lib/python3.12/site-packages/turtlesim/msg
[157.946s] -- Installing: /home/suryaansh/URC_ws/install/turtlesim/lib/python3.12/site-packages/turtlesim/msg/_color_s.c
[157.946s] -- Installing: /home/suryaansh/URC_ws/install/turtlesim/lib/python3.12/site-packages/turtlesim/msg/_pose.py
[157.946s] -- Installing: /home/suryaansh/URC_ws/install/turtlesim/lib/python3.12/site-packages/turtlesim/msg/__init__.py
[157.947s] -- Installing: /home/suryaansh/URC_ws/install/turtlesim/lib/python3.12/site-packages/turtlesim/msg/_pose_s.c
[157.947s] -- Installing: /home/suryaansh/URC_ws/install/turtlesim/lib/python3.12/site-packages/turtlesim/msg/_color.py
[157.947s] -- Installing: /home/suryaansh/URC_ws/install/turtlesim/lib/python3.12/site-packages/turtlesim/__init__.py
[157.947s] -- Installing: /home/suryaansh/URC_ws/install/turtlesim/lib/python3.12/site-packages/turtlesim/action
[157.947s] -- Installing: /home/suryaansh/URC_ws/install/turtlesim/lib/python3.12/site-packages/turtlesim/action/_rotate_absolute_s.c
[157.947s] -- Installing: /home/suryaansh/URC_ws/install/turtlesim/lib/python3.12/site-packages/turtlesim/action/_rotate_absolute.py
[157.948s] -- Installing: /home/suryaansh/URC_ws/install/turtlesim/lib/python3.12/site-packages/turtlesim/action/__init__.py
[157.948s] -- Installing: /home/suryaansh/URC_ws/install/turtlesim/lib/python3.12/site-packages/turtlesim/turtlesim_s__rosidl_typesupport_fastrtps_c.so
[157.948s] -- Installing: /home/suryaansh/URC_ws/install/turtlesim/lib/python3.12/site-packages/turtlesim/_turtlesim_s.ep.rosidl_typesupport_introspection_c.c
[158.063s] Listing '/home/suryaansh/URC_ws/install/turtlesim/lib/python3.12/site-packages/turtlesim'...
[158.063s] Compiling '/home/suryaansh/URC_ws/install/turtlesim/lib/python3.12/site-packages/turtlesim/__init__.py'...
[158.063s] Listing '/home/suryaansh/URC_ws/install/turtlesim/lib/python3.12/site-packages/turtlesim/action'...
[158.064s] Compiling '/home/suryaansh/URC_ws/install/turtlesim/lib/python3.12/site-packages/turtlesim/action/__init__.py'...
[158.064s] Compiling '/home/suryaansh/URC_ws/install/turtlesim/lib/python3.12/site-packages/turtlesim/action/_rotate_absolute.py'...
[158.064s] Listing '/home/suryaansh/URC_ws/install/turtlesim/lib/python3.12/site-packages/turtlesim/msg'...
[158.064s] Compiling '/home/suryaansh/URC_ws/install/turtlesim/lib/python3.12/site-packages/turtlesim/msg/__init__.py'...
[158.064s] Compiling '/home/suryaansh/URC_ws/install/turtlesim/lib/python3.12/site-packages/turtlesim/msg/_color.py'...
[158.064s] Compiling '/home/suryaansh/URC_ws/install/turtlesim/lib/python3.12/site-packages/turtlesim/msg/_pose.py'...
[158.065s] Listing '/home/suryaansh/URC_ws/install/turtlesim/lib/python3.12/site-packages/turtlesim/srv'...
[158.065s] Compiling '/home/suryaansh/URC_ws/install/turtlesim/lib/python3.12/site-packages/turtlesim/srv/__init__.py'...
[158.065s] Compiling '/home/suryaansh/URC_ws/install/turtlesim/lib/python3.12/site-packages/turtlesim/srv/_kill.py'...
[158.065s] Compiling '/home/suryaansh/URC_ws/install/turtlesim/lib/python3.12/site-packages/turtlesim/srv/_set_pen.py'...
[158.065s] Compiling '/home/suryaansh/URC_ws/install/turtlesim/lib/python3.12/site-packages/turtlesim/srv/_spawn.py'...
[158.065s] Compiling '/home/suryaansh/URC_ws/install/turtlesim/lib/python3.12/site-packages/turtlesim/srv/_teleport_absolute.py'...
[158.066s] Compiling '/home/suryaansh/URC_ws/install/turtlesim/lib/python3.12/site-packages/turtlesim/srv/_teleport_relative.py'...
[158.076s] -- Installing: /home/suryaansh/URC_ws/install/turtlesim/lib/python3.12/site-packages/turtlesim/turtlesim_s__rosidl_typesupport_fastrtps_c.so
[158.076s] -- Set non-toolchain portion of runtime path of "/home/suryaansh/URC_ws/install/turtlesim/lib/python3.12/site-packages/turtlesim/turtlesim_s__rosidl_typesupport_fastrtps_c.so" to ""
[158.077s] -- Installing: /home/suryaansh/URC_ws/install/turtlesim/lib/python3.12/site-packages/turtlesim/turtlesim_s__rosidl_typesupport_introspection_c.so
[158.077s] -- Set non-toolchain portion of runtime path of "/home/suryaansh/URC_ws/install/turtlesim/lib/python3.12/site-packages/turtlesim/turtlesim_s__rosidl_typesupport_introspection_c.so" to ""
[158.078s] -- Installing: /home/suryaansh/URC_ws/install/turtlesim/lib/python3.12/site-packages/turtlesim/turtlesim_s__rosidl_typesupport_c.so
[158.079s] -- Set non-toolchain portion of runtime path of "/home/suryaansh/URC_ws/install/turtlesim/lib/python3.12/site-packages/turtlesim/turtlesim_s__rosidl_typesupport_c.so" to ""
[158.079s] -- Installing: /home/suryaansh/URC_ws/install/turtlesim/lib/libturtlesim__rosidl_generator_py.so
[158.081s] -- Set non-toolchain portion of runtime path of "/home/suryaansh/URC_ws/install/turtlesim/lib/libturtlesim__rosidl_generator_py.so" to ""
[158.081s] -- Installing: /home/suryaansh/URC_ws/install/turtlesim/share/turtlesim/action/RotateAbsolute.idl
[158.081s] -- Installing: /home/suryaansh/URC_ws/install/turtlesim/share/turtlesim/msg/Color.idl
[158.081s] -- Installing: /home/suryaansh/URC_ws/install/turtlesim/share/turtlesim/msg/Pose.idl
[158.082s] -- Installing: /home/suryaansh/URC_ws/install/turtlesim/share/turtlesim/srv/Kill.idl
[158.082s] -- Installing: /home/suryaansh/URC_ws/install/turtlesim/share/turtlesim/srv/SetPen.idl
[158.082s] -- Installing: /home/suryaansh/URC_ws/install/turtlesim/share/turtlesim/srv/Spawn.idl
[158.082s] -- Installing: /home/suryaansh/URC_ws/install/turtlesim/share/turtlesim/srv/TeleportAbsolute.idl
[158.083s] -- Installing: /home/suryaansh/URC_ws/install/turtlesim/share/turtlesim/srv/TeleportRelative.idl
[158.084s] -- Installing: /home/suryaansh/URC_ws/install/turtlesim/share/turtlesim/action/RotateAbsolute.action
[158.084s] -- Installing: /home/suryaansh/URC_ws/install/turtlesim/share/turtlesim/msg/Color.msg
[158.084s] -- Installing: /home/suryaansh/URC_ws/install/turtlesim/share/turtlesim/msg/Pose.msg
[158.084s] -- Installing: /home/suryaansh/URC_ws/install/turtlesim/share/turtlesim/srv/Kill.srv
[158.085s] -- Installing: /home/suryaansh/URC_ws/install/turtlesim/share/turtlesim/srv/SetPen.srv
[158.085s] -- Installing: /home/suryaansh/URC_ws/install/turtlesim/share/turtlesim/srv/Spawn.srv
[158.085s] -- Installing: /home/suryaansh/URC_ws/install/turtlesim/share/turtlesim/srv/TeleportAbsolute.srv
[158.086s] -- Installing: /home/suryaansh/URC_ws/install/turtlesim/share/turtlesim/srv/TeleportRelative.srv
[158.086s] -- Installing: /home/suryaansh/URC_ws/install/turtlesim/lib/turtlesim/turtlesim_node
[158.105s] -- Set non-toolchain portion of runtime path of "/home/suryaansh/URC_ws/install/turtlesim/lib/turtlesim/turtlesim_node" to ""
[158.105s] -- Installing: /home/suryaansh/URC_ws/install/turtlesim/lib/turtlesim/turtle_teleop_key
[158.108s] -- Set non-toolchain portion of runtime path of "/home/suryaansh/URC_ws/install/turtlesim/lib/turtlesim/turtle_teleop_key" to ""
[158.109s] -- Installing: /home/suryaansh/URC_ws/install/turtlesim/lib/turtlesim/draw_square
[158.116s] -- Set non-toolchain portion of runtime path of "/home/suryaansh/URC_ws/install/turtlesim/lib/turtlesim/draw_square" to ""
[158.116s] -- Installing: /home/suryaansh/URC_ws/install/turtlesim/lib/turtlesim/mimic
[158.124s] -- Set non-toolchain portion of runtime path of "/home/suryaansh/URC_ws/install/turtlesim/lib/turtlesim/mimic" to ""
[158.124s] -- Installing: /home/suryaansh/URC_ws/install/turtlesim/share/turtlesim/images
[158.125s] -- Installing: /home/suryaansh/URC_ws/install/turtlesim/share/turtlesim/images/humble.png
[158.125s] -- Installing: /home/suryaansh/URC_ws/install/turtlesim/share/turtlesim/images/bouncy.png
[158.125s] -- Installing: /home/suryaansh/URC_ws/install/turtlesim/share/turtlesim/images/iron.png
[158.125s] -- Installing: /home/suryaansh/URC_ws/install/turtlesim/share/turtlesim/images/galactic.png
[158.126s] -- Installing: /home/suryaansh/URC_ws/install/turtlesim/share/turtlesim/images/ardent.png
[158.126s] -- Installing: /home/suryaansh/URC_ws/install/turtlesim/share/turtlesim/images/dashing.png
[158.126s] -- Installing: /home/suryaansh/URC_ws/install/turtlesim/share/turtlesim/images/crystal.png
[158.126s] -- Installing: /home/suryaansh/URC_ws/install/turtlesim/share/turtlesim/images/foxy.png
[158.127s] -- Installing: /home/suryaansh/URC_ws/install/turtlesim/share/turtlesim/images/jazzy.png
[158.127s] -- Installing: /home/suryaansh/URC_ws/install/turtlesim/share/turtlesim/images/rolling.png
[158.127s] -- Installing: /home/suryaansh/URC_ws/install/turtlesim/share/turtlesim/images/eloquent.png
[158.127s] -- Installing: /home/suryaansh/URC_ws/install/turtlesim/share/turtlesim/launch
[158.128s] -- Installing: /home/suryaansh/URC_ws/install/turtlesim/share/turtlesim/launch/multisim.launch.py
[158.128s] -- Installing: /home/suryaansh/URC_ws/install/turtlesim/share/ament_index/resource_index/package_run_dependencies/turtlesim
[158.128s] -- Installing: /home/suryaansh/URC_ws/install/turtlesim/share/ament_index/resource_index/parent_prefix_path/turtlesim
[158.128s] -- Installing: /home/suryaansh/URC_ws/install/turtlesim/share/turtlesim/environment/ament_prefix_path.sh
[158.129s] -- Installing: /home/suryaansh/URC_ws/install/turtlesim/share/turtlesim/environment/ament_prefix_path.dsv
[158.129s] -- Installing: /home/suryaansh/URC_ws/install/turtlesim/share/turtlesim/environment/path.sh
[158.129s] -- Installing: /home/suryaansh/URC_ws/install/turtlesim/share/turtlesim/environment/path.dsv
[158.129s] -- Installing: /home/suryaansh/URC_ws/install/turtlesim/share/turtlesim/local_setup.bash
[158.130s] -- Installing: /home/suryaansh/URC_ws/install/turtlesim/share/turtlesim/local_setup.sh
[158.130s] -- Installing: /home/suryaansh/URC_ws/install/turtlesim/share/turtlesim/local_setup.zsh
[158.130s] -- Installing: /home/suryaansh/URC_ws/install/turtlesim/share/turtlesim/local_setup.dsv
[158.130s] -- Installing: /home/suryaansh/URC_ws/install/turtlesim/share/turtlesim/package.dsv
[158.131s] -- Installing: /home/suryaansh/URC_ws/install/turtlesim/share/ament_index/resource_index/packages/turtlesim
[158.131s] -- Installing: /home/suryaansh/URC_ws/install/turtlesim/share/turtlesim/cmake/export_turtlesim__rosidl_generator_cExport.cmake
[158.131s] -- Installing: /home/suryaansh/URC_ws/install/turtlesim/share/turtlesim/cmake/export_turtlesim__rosidl_generator_cExport-noconfig.cmake
[158.131s] -- Installing: /home/suryaansh/URC_ws/install/turtlesim/share/turtlesim/cmake/export_turtlesim__rosidl_typesupport_fastrtps_cExport.cmake
[158.132s] -- Installing: /home/suryaansh/URC_ws/install/turtlesim/share/turtlesim/cmake/export_turtlesim__rosidl_typesupport_fastrtps_cExport-noconfig.cmake
[158.132s] -- Installing: /home/suryaansh/URC_ws/install/turtlesim/share/turtlesim/cmake/export_turtlesim__rosidl_generator_cppExport.cmake
[158.132s] -- Installing: /home/suryaansh/URC_ws/install/turtlesim/share/turtlesim/cmake/export_turtlesim__rosidl_typesupport_fastrtps_cppExport.cmake
[158.132s] -- Installing: /home/suryaansh/URC_ws/install/turtlesim/share/turtlesim/cmake/export_turtlesim__rosidl_typesupport_fastrtps_cppExport-noconfig.cmake
[158.133s] -- Installing: /home/suryaansh/URC_ws/install/turtlesim/share/turtlesim/cmake/turtlesim__rosidl_typesupport_introspection_cExport.cmake
[158.133s] -- Installing: /home/suryaansh/URC_ws/install/turtlesim/share/turtlesim/cmake/turtlesim__rosidl_typesupport_introspection_cExport-noconfig.cmake
[158.134s] -- Installing: /home/suryaansh/URC_ws/install/turtlesim/share/turtlesim/cmake/turtlesim__rosidl_typesupport_cExport.cmake
[158.134s] -- Installing: /home/suryaansh/URC_ws/install/turtlesim/share/turtlesim/cmake/turtlesim__rosidl_typesupport_cExport-noconfig.cmake
[158.134s] -- Installing: /home/suryaansh/URC_ws/install/turtlesim/share/turtlesim/cmake/turtlesim__rosidl_typesupport_introspection_cppExport.cmake
[158.135s] -- Installing: /home/suryaansh/URC_ws/install/turtlesim/share/turtlesim/cmake/turtlesim__rosidl_typesupport_introspection_cppExport-noconfig.cmake
[158.135s] -- Installing: /home/suryaansh/URC_ws/install/turtlesim/share/turtlesim/cmake/turtlesim__rosidl_typesupport_cppExport.cmake
[158.136s] -- Installing: /home/suryaansh/URC_ws/install/turtlesim/share/turtlesim/cmake/turtlesim__rosidl_typesupport_cppExport-noconfig.cmake
[158.136s] -- Installing: /home/suryaansh/URC_ws/install/turtlesim/share/turtlesim/cmake/export_turtlesim__rosidl_generator_pyExport.cmake
[158.136s] -- Installing: /home/suryaansh/URC_ws/install/turtlesim/share/turtlesim/cmake/export_turtlesim__rosidl_generator_pyExport-noconfig.cmake
[158.137s] -- Installing: /home/suryaansh/URC_ws/install/turtlesim/share/turtlesim/cmake/rosidl_cmake-extras.cmake
[158.137s] -- Installing: /home/suryaansh/URC_ws/install/turtlesim/share/turtlesim/cmake/ament_cmake_export_dependencies-extras.cmake
[158.137s] -- Installing: /home/suryaansh/URC_ws/install/turtlesim/share/turtlesim/cmake/ament_cmake_export_include_directories-extras.cmake
[158.138s] -- Installing: /home/suryaansh/URC_ws/install/turtlesim/share/turtlesim/cmake/ament_cmake_export_libraries-extras.cmake
[158.138s] -- Installing: /home/suryaansh/URC_ws/install/turtlesim/share/turtlesim/cmake/ament_cmake_export_targets-extras.cmake
[158.138s] -- Installing: /home/suryaansh/URC_ws/install/turtlesim/share/turtlesim/cmake/rosidl_cmake_export_typesupport_targets-extras.cmake
[158.139s] -- Installing: /home/suryaansh/URC_ws/install/turtlesim/share/turtlesim/cmake/rosidl_cmake_export_typesupport_libraries-extras.cmake
[158.139s] -- Installing: /home/suryaansh/URC_ws/install/turtlesim/share/turtlesim/cmake/turtlesimConfig.cmake
[158.139s] -- Installing: /home/suryaansh/URC_ws/install/turtlesim/share/turtlesim/cmake/turtlesimConfig-version.cmake
[158.139s] -- Installing: /home/suryaansh/URC_ws/install/turtlesim/share/turtlesim/package.xml
[158.158s] Invoked command in '/home/suryaansh/URC_ws/build/turtlesim' returned '0': CMAKE_PREFIX_PATH=${CMAKE_PREFIX_PATH}:/opt/ros/jazzy DEBUGINFOD_URLS=https://debuginfod.ubuntu.com /usr/bin/cmake --install /home/suryaansh/URC_ws/build/turtlesim
