[0.067s] Invoking command in '/home/suryaansh/URC_ws/build/drive_base_msgs': CMAKE_PREFIX_PATH=${CMAKE_PREFIX_PATH}:/opt/ros/jazzy DEBUGINFOD_URLS=https://debuginfod.ubuntu.com /usr/bin/cmake /home/suryaansh/URC_ws/src/uros/drive_base/drive_base_msgs -DCMAKE_INSTALL_PREFIX=/home/suryaansh/URC_ws/install/drive_base_msgs
[0.271s] -- The C compiler identification is GNU 13.3.0
[0.499s] -- The CXX compiler identification is GNU 13.3.0
[0.563s] -- Detecting C compiler ABI info
[0.878s] -- Detecting C compiler ABI info - done
[0.927s] -- Check for working C compiler: /usr/bin/cc - skipped
[0.928s] -- Detecting C compile features
[0.929s] -- Detecting C compile features - done
[0.965s] -- Detecting CXX compiler ABI info
[1.321s] -- Detecting CXX compiler ABI info - done
[1.359s] -- Check for working CXX compiler: /usr/bin/c++ - skipped
[1.360s] -- Detecting CXX compile features
[1.362s] -- Detecting CXX compile features - done
[1.378s] -- Found ament_cmake: 2.5.4 (/opt/ros/jazzy/share/ament_cmake/cmake)
[1.955s] -- Found Python3: /usr/bin/python3 (found version "3.12.3") found components: Interpreter 
[2.450s] -- Found std_msgs: 5.3.6 (/opt/ros/jazzy/share/std_msgs/cmake)
[2.651s] -- Found rosidl_generator_c: 4.6.6 (/opt/ros/jazzy/share/rosidl_generator_c/cmake)
[2.741s] -- Found rosidl_generator_cpp: 4.6.6 (/opt/ros/jazzy/share/rosidl_generator_cpp/cmake)
[2.820s] -- Using all available rosidl_typesupport_c: rosidl_typesupport_fastrtps_c;rosidl_typesupport_introspection_c
[2.898s] -- Using all available rosidl_typesupport_cpp: rosidl_typesupport_fastrtps_cpp;rosidl_typesupport_introspection_cpp
[3.076s] -- Found rosidl_default_generators: 1.6.0 (/opt/ros/jazzy/share/rosidl_default_generators/cmake)
[3.149s] -- Found rosidl_adapter: 4.6.6 (/opt/ros/jazzy/share/rosidl_adapter/cmake)
[5.250s] -- Found ament_cmake_cppcheck: 0.17.3 (/opt/ros/jazzy/share/ament_cmake_cppcheck/cmake)
[5.266s] -- Found ament_cmake_cpplint: 0.17.3 (/opt/ros/jazzy/share/ament_cmake_cpplint/cmake)
[5.279s] -- Found ament_cmake_uncrustify: 0.17.3 (/opt/ros/jazzy/share/ament_cmake_uncrustify/cmake)
[5.297s] -- Found ament_cmake_ros: 0.12.0 (/opt/ros/jazzy/share/ament_cmake_ros/cmake)
[7.756s] -- Using all available rosidl_typesupport_c: rosidl_typesupport_fastrtps_c;rosidl_typesupport_introspection_c
[8.632s] -- Using all available rosidl_typesupport_cpp: rosidl_typesupport_fastrtps_cpp;rosidl_typesupport_introspection_cpp
[8.650s] -- Found python_cmake_module: 0.11.1 (/opt/ros/jazzy/share/python_cmake_module/cmake)
[9.047s] -- Found PythonExtra: /usr/bin/python3  
[10.632s] -- Found Python3: /usr/bin/python3 (found version "3.12.3") found components: Interpreter Development NumPy Development.Module Development.Embed 
[11.123s] -- Found ament_cmake_flake8: 0.17.3 (/opt/ros/jazzy/share/ament_cmake_flake8/cmake)
[11.162s] -- Found ament_cmake_pep257: 0.17.3 (/opt/ros/jazzy/share/ament_cmake_pep257/cmake)
[11.237s] -- Configuring done (11.1s)
[11.558s] -- Generating done (0.2s)
[11.637s] -- Build files have been written to: /home/suryaansh/URC_ws/build/drive_base_msgs
[11.697s] Invoked command in '/home/suryaansh/URC_ws/build/drive_base_msgs' returned '0': CMAKE_PREFIX_PATH=${CMAKE_PREFIX_PATH}:/opt/ros/jazzy DEBUGINFOD_URLS=https://debuginfod.ubuntu.com /usr/bin/cmake /home/suryaansh/URC_ws/src/uros/drive_base/drive_base_msgs -DCMAKE_INSTALL_PREFIX=/home/suryaansh/URC_ws/install/drive_base_msgs
[11.704s] Invoking command in '/home/suryaansh/URC_ws/build/drive_base_msgs': CMAKE_PREFIX_PATH=${CMAKE_PREFIX_PATH}:/opt/ros/jazzy DEBUGINFOD_URLS=https://debuginfod.ubuntu.com /usr/bin/cmake --build /home/suryaansh/URC_ws/build/drive_base_msgs -- -j8 -l8
[12.084s] [  1%] [34m[1mGenerating type hashes for ROS interfaces[0m
[12.150s] [  1%] Built target ament_cmake_python_copy_drive_base_msgs
[14.528s] running egg_info
[14.532s] creating drive_base_msgs.egg-info
[14.752s] writing drive_base_msgs.egg-info/PKG-INFO
[14.753s] writing dependency_links to drive_base_msgs.egg-info/dependency_links.txt
[14.753s] writing top-level names to drive_base_msgs.egg-info/top_level.txt
[14.754s] writing manifest file 'drive_base_msgs.egg-info/SOURCES.txt'
[15.559s] reading manifest file 'drive_base_msgs.egg-info/SOURCES.txt'
[15.561s] writing manifest file 'drive_base_msgs.egg-info/SOURCES.txt'
[15.678s] [  1%] Built target ament_cmake_python_build_drive_base_msgs_egg
[16.168s] [  1%] Built target drive_base_msgs__rosidl_generator_type_description
[16.202s] [  3%] [34m[1mGenerating C code for ROS interfaces[0m
[16.241s] [  4%] [34m[1mGenerating C++ code for ROS interfaces[0m
[21.798s] [  6%] [32mBuilding C object CMakeFiles/drive_base_msgs__rosidl_generator_c.dir/rosidl_generator_c/drive_base_msgs/msg/detail/command_header__functions.c.o[0m
[21.798s] [  7%] [32mBuilding C object CMakeFiles/drive_base_msgs__rosidl_generator_c.dir/rosidl_generator_c/drive_base_msgs/msg/detail/command_header__description.c.o[0m
[22.131s] [  9%] [32mBuilding C object CMakeFiles/drive_base_msgs__rosidl_generator_c.dir/rosidl_generator_c/drive_base_msgs/msg/detail/command_status__description.c.o[0m
[22.184s] [ 10%] [32mBuilding C object CMakeFiles/drive_base_msgs__rosidl_generator_c.dir/rosidl_generator_c/drive_base_msgs/msg/detail/command_status__functions.c.o[0m
[22.358s] [ 10%] Built target drive_base_msgs__cpp
[22.458s] [ 12%] [32mBuilding C object CMakeFiles/drive_base_msgs__rosidl_generator_c.dir/rosidl_generator_c/drive_base_msgs/msg/detail/trv_command__description.c.o[0m
[22.628s] [ 14%] [32mBuilding C object CMakeFiles/drive_base_msgs__rosidl_generator_c.dir/rosidl_generator_c/drive_base_msgs/msg/detail/trv_command__functions.c.o[0m
[22.826s] [ 15%] [32mBuilding C object CMakeFiles/drive_base_msgs__rosidl_generator_c.dir/rosidl_generator_c/drive_base_msgs/msg/detail/trv_command__type_support.c.o[0m
[23.021s] [ 17%] [32mBuilding C object CMakeFiles/drive_base_msgs__rosidl_generator_c.dir/rosidl_generator_c/drive_base_msgs/msg/detail/command_status__type_support.c.o[0m
[23.065s] [ 18%] [32mBuilding C object CMakeFiles/drive_base_msgs__rosidl_generator_c.dir/rosidl_generator_c/drive_base_msgs/msg/detail/base_info__type_support.c.o[0m
[23.219s] [ 20%] [32mBuilding C object CMakeFiles/drive_base_msgs__rosidl_generator_c.dir/rosidl_generator_c/drive_base_msgs/msg/detail/base_info__functions.c.o[0m
[23.308s] [ 21%] [32mBuilding C object CMakeFiles/drive_base_msgs__rosidl_generator_c.dir/rosidl_generator_c/drive_base_msgs/msg/detail/base_info__description.c.o[0m
[23.479s] [ 23%] [32mBuilding C object CMakeFiles/drive_base_msgs__rosidl_generator_c.dir/rosidl_generator_c/drive_base_msgs/msg/detail/command_header__type_support.c.o[0m
[23.649s] [ 25%] [32m[1mLinking C shared library libdrive_base_msgs__rosidl_generator_c.so[0m
[23.842s] [ 25%] Built target drive_base_msgs__rosidl_generator_c
[23.935s] [ 26%] [34m[1mGenerating C type support dispatch for ROS interfaces[0m
[23.955s] [ 28%] [34m[1mGenerating C introspection for ROS interfaces[0m
[26.457s] [ 29%] [32mBuilding CXX object CMakeFiles/drive_base_msgs__rosidl_typesupport_c.dir/rosidl_typesupport_c/drive_base_msgs/msg/command_header__type_support.cpp.o[0m
[26.462s] [ 31%] [32mBuilding CXX object CMakeFiles/drive_base_msgs__rosidl_typesupport_c.dir/rosidl_typesupport_c/drive_base_msgs/msg/base_info__type_support.cpp.o[0m
[26.593s] [ 32%] [32mBuilding CXX object CMakeFiles/drive_base_msgs__rosidl_typesupport_c.dir/rosidl_typesupport_c/drive_base_msgs/msg/command_status__type_support.cpp.o[0m
[26.611s] [ 34%] [32mBuilding CXX object CMakeFiles/drive_base_msgs__rosidl_typesupport_c.dir/rosidl_typesupport_c/drive_base_msgs/msg/trv_command__type_support.cpp.o[0m
[26.611s] [ 35%] [32mBuilding C object CMakeFiles/drive_base_msgs__rosidl_typesupport_introspection_c.dir/rosidl_typesupport_introspection_c/drive_base_msgs/msg/detail/base_info__type_support.c.o[0m
[26.612s] [ 37%] [32mBuilding C object CMakeFiles/drive_base_msgs__rosidl_typesupport_introspection_c.dir/rosidl_typesupport_introspection_c/drive_base_msgs/msg/detail/command_header__type_support.c.o[0m
[26.730s] [ 39%] [32mBuilding C object CMakeFiles/drive_base_msgs__rosidl_typesupport_introspection_c.dir/rosidl_typesupport_introspection_c/drive_base_msgs/msg/detail/command_status__type_support.c.o[0m
[26.745s] [ 40%] [32mBuilding C object CMakeFiles/drive_base_msgs__rosidl_typesupport_introspection_c.dir/rosidl_typesupport_introspection_c/drive_base_msgs/msg/detail/trv_command__type_support.c.o[0m
[26.772s] [ 42%] [32m[1mLinking CXX shared library libdrive_base_msgs__rosidl_typesupport_c.so[0m
[26.858s] [ 43%] [32m[1mLinking C shared library libdrive_base_msgs__rosidl_typesupport_introspection_c.so[0m
[26.900s] [ 43%] Built target drive_base_msgs__rosidl_typesupport_c
[26.928s] [ 45%] [34m[1mGenerating C++ type support for eProsima Fast-RTPS[0m
[26.943s] [ 45%] Built target drive_base_msgs__rosidl_typesupport_introspection_c
[26.969s] [ 46%] [34m[1mGenerating C type support for eProsima Fast-RTPS[0m
[29.410s] [ 48%] [32mBuilding CXX object CMakeFiles/drive_base_msgs__rosidl_typesupport_fastrtps_cpp.dir/rosidl_typesupport_fastrtps_cpp/drive_base_msgs/msg/detail/dds_fastrtps/command_header__type_support.cpp.o[0m
[29.415s] [ 50%] [32mBuilding CXX object CMakeFiles/drive_base_msgs__rosidl_typesupport_fastrtps_cpp.dir/rosidl_typesupport_fastrtps_cpp/drive_base_msgs/msg/detail/dds_fastrtps/base_info__type_support.cpp.o[0m
[29.436s] [ 51%] [32mBuilding CXX object CMakeFiles/drive_base_msgs__rosidl_typesupport_fastrtps_cpp.dir/rosidl_typesupport_fastrtps_cpp/drive_base_msgs/msg/detail/dds_fastrtps/command_status__type_support.cpp.o[0m
[29.448s] [ 53%] [32mBuilding CXX object CMakeFiles/drive_base_msgs__rosidl_typesupport_fastrtps_cpp.dir/rosidl_typesupport_fastrtps_cpp/drive_base_msgs/msg/detail/dds_fastrtps/trv_command__type_support.cpp.o[0m
[29.515s] [ 54%] [32mBuilding CXX object CMakeFiles/drive_base_msgs__rosidl_typesupport_fastrtps_c.dir/rosidl_typesupport_fastrtps_c/drive_base_msgs/msg/detail/base_info__type_support_c.cpp.o[0m
[29.518s] [ 56%] [32mBuilding CXX object CMakeFiles/drive_base_msgs__rosidl_typesupport_fastrtps_c.dir/rosidl_typesupport_fastrtps_c/drive_base_msgs/msg/detail/command_header__type_support_c.cpp.o[0m
[32.012s] [ 57%] [32mBuilding CXX object CMakeFiles/drive_base_msgs__rosidl_typesupport_fastrtps_c.dir/rosidl_typesupport_fastrtps_c/drive_base_msgs/msg/detail/command_status__type_support_c.cpp.o[0m
[32.054s] [ 59%] [32mBuilding CXX object CMakeFiles/drive_base_msgs__rosidl_typesupport_fastrtps_c.dir/rosidl_typesupport_fastrtps_c/drive_base_msgs/msg/detail/trv_command__type_support_c.cpp.o[0m
[32.223s] [ 60%] [32m[1mLinking CXX shared library libdrive_base_msgs__rosidl_typesupport_fastrtps_cpp.so[0m
[32.464s] [ 60%] Built target drive_base_msgs__rosidl_typesupport_fastrtps_cpp
[32.509s] [ 62%] [34m[1mGenerating C++ type support dispatch for ROS interfaces[0m
[32.540s] [ 64%] [34m[1mGenerating C++ introspection for ROS interfaces[0m
[34.295s] [ 65%] [32m[1mLinking CXX shared library libdrive_base_msgs__rosidl_typesupport_fastrtps_c.so[0m
[34.503s] [ 65%] Built target drive_base_msgs__rosidl_typesupport_fastrtps_c
[35.680s] [ 67%] [32mBuilding CXX object CMakeFiles/drive_base_msgs__rosidl_typesupport_cpp.dir/rosidl_typesupport_cpp/drive_base_msgs/msg/command_header__type_support.cpp.o[0m
[35.918s] [ 68%] [32mBuilding CXX object CMakeFiles/drive_base_msgs__rosidl_typesupport_introspection_cpp.dir/rosidl_typesupport_introspection_cpp/drive_base_msgs/msg/detail/command_header__type_support.cpp.o[0m
[36.724s] [ 70%] [32mBuilding CXX object CMakeFiles/drive_base_msgs__rosidl_typesupport_cpp.dir/rosidl_typesupport_cpp/drive_base_msgs/msg/trv_command__type_support.cpp.o[0m
[37.087s] [ 71%] [32mBuilding CXX object CMakeFiles/drive_base_msgs__rosidl_typesupport_introspection_cpp.dir/rosidl_typesupport_introspection_cpp/drive_base_msgs/msg/detail/trv_command__type_support.cpp.o[0m
[37.681s] [ 73%] [32mBuilding CXX object CMakeFiles/drive_base_msgs__rosidl_typesupport_cpp.dir/rosidl_typesupport_cpp/drive_base_msgs/msg/command_status__type_support.cpp.o[0m
[38.067s] [ 75%] [32mBuilding CXX object CMakeFiles/drive_base_msgs__rosidl_typesupport_introspection_cpp.dir/rosidl_typesupport_introspection_cpp/drive_base_msgs/msg/detail/command_status__type_support.cpp.o[0m
[38.742s] [ 76%] [32mBuilding CXX object CMakeFiles/drive_base_msgs__rosidl_typesupport_cpp.dir/rosidl_typesupport_cpp/drive_base_msgs/msg/base_info__type_support.cpp.o[0m
[39.304s] [ 78%] [32mBuilding CXX object CMakeFiles/drive_base_msgs__rosidl_typesupport_introspection_cpp.dir/rosidl_typesupport_introspection_cpp/drive_base_msgs/msg/detail/base_info__type_support.cpp.o[0m
[39.863s] [ 79%] [32m[1mLinking CXX shared library libdrive_base_msgs__rosidl_typesupport_cpp.so[0m
[40.060s] [ 79%] Built target drive_base_msgs__rosidl_typesupport_cpp
[40.590s] [ 81%] [32m[1mLinking CXX shared library libdrive_base_msgs__rosidl_typesupport_introspection_cpp.so[0m
[40.906s] [ 81%] Built target drive_base_msgs__rosidl_typesupport_introspection_cpp
[41.049s] [ 81%] Built target drive_base_msgs
[41.159s] [ 82%] [34m[1mGenerating Python code for ROS interfaces[0m
[45.272s] [ 82%] Built target drive_base_msgs__py
[45.327s] [ 84%] [32mBuilding C object CMakeFiles/drive_base_msgs__rosidl_generator_py.dir/rosidl_generator_py/drive_base_msgs/msg/_command_header_s.c.o[0m
[45.672s] [ 85%] [32mBuilding C object CMakeFiles/drive_base_msgs__rosidl_generator_py.dir/rosidl_generator_py/drive_base_msgs/msg/_trv_command_s.c.o[0m
[46.046s] [ 87%] [32mBuilding C object CMakeFiles/drive_base_msgs__rosidl_generator_py.dir/rosidl_generator_py/drive_base_msgs/msg/_command_status_s.c.o[0m
[46.417s] [ 89%] [32mBuilding C object CMakeFiles/drive_base_msgs__rosidl_generator_py.dir/rosidl_generator_py/drive_base_msgs/msg/_base_info_s.c.o[0m
[46.824s] [ 90%] [32m[1mLinking C shared library libdrive_base_msgs__rosidl_generator_py.so[0m
[46.960s] [ 90%] Built target drive_base_msgs__rosidl_generator_py
[47.021s] [ 92%] [32mBuilding C object CMakeFiles/drive_base_msgs_s__rosidl_typesupport_fastrtps_c.dir/rosidl_generator_py/drive_base_msgs/_drive_base_msgs_s.ep.rosidl_typesupport_fastrtps_c.c.o[0m
[47.368s] [ 93%] [32m[1mLinking C shared module rosidl_generator_py/drive_base_msgs/drive_base_msgs_s__rosidl_typesupport_fastrtps_c.so[0m
[47.457s] [ 93%] Built target drive_base_msgs_s__rosidl_typesupport_fastrtps_c
[47.516s] [ 95%] [32mBuilding C object CMakeFiles/drive_base_msgs_s__rosidl_typesupport_c.dir/rosidl_generator_py/drive_base_msgs/_drive_base_msgs_s.ep.rosidl_typesupport_c.c.o[0m
[47.833s] [ 96%] [32m[1mLinking C shared module rosidl_generator_py/drive_base_msgs/drive_base_msgs_s__rosidl_typesupport_c.so[0m
[47.918s] [ 96%] Built target drive_base_msgs_s__rosidl_typesupport_c
[47.976s] [ 98%] [32mBuilding C object CMakeFiles/drive_base_msgs_s__rosidl_typesupport_introspection_c.dir/rosidl_generator_py/drive_base_msgs/_drive_base_msgs_s.ep.rosidl_typesupport_introspection_c.c.o[0m
[48.298s] [100%] [32m[1mLinking C shared module rosidl_generator_py/drive_base_msgs/drive_base_msgs_s__rosidl_typesupport_introspection_c.so[0m
[48.388s] [100%] Built target drive_base_msgs_s__rosidl_typesupport_introspection_c
[48.419s] Invoked command in '/home/suryaansh/URC_ws/build/drive_base_msgs' returned '0': CMAKE_PREFIX_PATH=${CMAKE_PREFIX_PATH}:/opt/ros/jazzy DEBUGINFOD_URLS=https://debuginfod.ubuntu.com /usr/bin/cmake --build /home/suryaansh/URC_ws/build/drive_base_msgs -- -j8 -l8
[48.423s] Invoking command in '/home/suryaansh/URC_ws/build/drive_base_msgs': CMAKE_PREFIX_PATH=${CMAKE_PREFIX_PATH}:/opt/ros/jazzy DEBUGINFOD_URLS=https://debuginfod.ubuntu.com /usr/bin/cmake --install /home/suryaansh/URC_ws/build/drive_base_msgs
[48.447s] -- Install configuration: ""
[48.447s] -- Installing: /home/suryaansh/URC_ws/install/drive_base_msgs/share/ament_index/resource_index/rosidl_interfaces/drive_base_msgs
[48.448s] -- Installing: /home/suryaansh/URC_ws/install/drive_base_msgs/share/drive_base_msgs/msg/CommandHeader.json
[48.449s] -- Installing: /home/suryaansh/URC_ws/install/drive_base_msgs/share/drive_base_msgs/msg/BaseInfo.json
[48.451s] -- Installing: /home/suryaansh/URC_ws/install/drive_base_msgs/share/drive_base_msgs/msg/CommandStatus.json
[48.452s] -- Installing: /home/suryaansh/URC_ws/install/drive_base_msgs/share/drive_base_msgs/msg/TRVCommand.json
[48.453s] -- Installing: /home/suryaansh/URC_ws/install/drive_base_msgs/include/drive_base_msgs/drive_base_msgs
[48.453s] -- Installing: /home/suryaansh/URC_ws/install/drive_base_msgs/include/drive_base_msgs/drive_base_msgs/msg
[48.454s] -- Installing: /home/suryaansh/URC_ws/install/drive_base_msgs/include/drive_base_msgs/drive_base_msgs/msg/rosidl_generator_c__visibility_control.h
[48.455s] -- Installing: /home/suryaansh/URC_ws/install/drive_base_msgs/include/drive_base_msgs/drive_base_msgs/msg/base_info.h
[48.456s] -- Installing: /home/suryaansh/URC_ws/install/drive_base_msgs/include/drive_base_msgs/drive_base_msgs/msg/command_header.h
[48.456s] -- Installing: /home/suryaansh/URC_ws/install/drive_base_msgs/include/drive_base_msgs/drive_base_msgs/msg/detail
[48.457s] -- Installing: /home/suryaansh/URC_ws/install/drive_base_msgs/include/drive_base_msgs/drive_base_msgs/msg/detail/command_header__description.c
[48.457s] -- Installing: /home/suryaansh/URC_ws/install/drive_base_msgs/include/drive_base_msgs/drive_base_msgs/msg/detail/base_info__struct.h
[48.458s] -- Installing: /home/suryaansh/URC_ws/install/drive_base_msgs/include/drive_base_msgs/drive_base_msgs/msg/detail/trv_command__type_support.h
[48.458s] -- Installing: /home/suryaansh/URC_ws/install/drive_base_msgs/include/drive_base_msgs/drive_base_msgs/msg/detail/base_info__type_support.c
[48.459s] -- Installing: /home/suryaansh/URC_ws/install/drive_base_msgs/include/drive_base_msgs/drive_base_msgs/msg/detail/command_status__struct.h
[48.460s] -- Installing: /home/suryaansh/URC_ws/install/drive_base_msgs/include/drive_base_msgs/drive_base_msgs/msg/detail/command_header__type_support.c
[48.460s] -- Installing: /home/suryaansh/URC_ws/install/drive_base_msgs/include/drive_base_msgs/drive_base_msgs/msg/detail/command_header__functions.h
[48.461s] -- Installing: /home/suryaansh/URC_ws/install/drive_base_msgs/include/drive_base_msgs/drive_base_msgs/msg/detail/command_header__type_support.h
[48.461s] -- Installing: /home/suryaansh/URC_ws/install/drive_base_msgs/include/drive_base_msgs/drive_base_msgs/msg/detail/base_info__functions.h
[48.462s] -- Installing: /home/suryaansh/URC_ws/install/drive_base_msgs/include/drive_base_msgs/drive_base_msgs/msg/detail/trv_command__type_support.c
[48.462s] -- Installing: /home/suryaansh/URC_ws/install/drive_base_msgs/include/drive_base_msgs/drive_base_msgs/msg/detail/trv_command__functions.c
[48.463s] -- Installing: /home/suryaansh/URC_ws/install/drive_base_msgs/include/drive_base_msgs/drive_base_msgs/msg/detail/command_status__functions.h
[48.463s] -- Installing: /home/suryaansh/URC_ws/install/drive_base_msgs/include/drive_base_msgs/drive_base_msgs/msg/detail/command_status__description.c
[48.464s] -- Installing: /home/suryaansh/URC_ws/install/drive_base_msgs/include/drive_base_msgs/drive_base_msgs/msg/detail/command_header__struct.h
[48.464s] -- Installing: /home/suryaansh/URC_ws/install/drive_base_msgs/include/drive_base_msgs/drive_base_msgs/msg/detail/base_info__type_support.h
[48.464s] -- Installing: /home/suryaansh/URC_ws/install/drive_base_msgs/include/drive_base_msgs/drive_base_msgs/msg/detail/trv_command__functions.h
[48.465s] -- Installing: /home/suryaansh/URC_ws/install/drive_base_msgs/include/drive_base_msgs/drive_base_msgs/msg/detail/command_status__functions.c
[48.465s] -- Installing: /home/suryaansh/URC_ws/install/drive_base_msgs/include/drive_base_msgs/drive_base_msgs/msg/detail/trv_command__struct.h
[48.466s] -- Installing: /home/suryaansh/URC_ws/install/drive_base_msgs/include/drive_base_msgs/drive_base_msgs/msg/detail/base_info__description.c
[48.466s] -- Installing: /home/suryaansh/URC_ws/install/drive_base_msgs/include/drive_base_msgs/drive_base_msgs/msg/detail/command_status__type_support.h
[48.467s] -- Installing: /home/suryaansh/URC_ws/install/drive_base_msgs/include/drive_base_msgs/drive_base_msgs/msg/detail/trv_command__description.c
[48.467s] -- Installing: /home/suryaansh/URC_ws/install/drive_base_msgs/include/drive_base_msgs/drive_base_msgs/msg/detail/command_status__type_support.c
[48.468s] -- Installing: /home/suryaansh/URC_ws/install/drive_base_msgs/include/drive_base_msgs/drive_base_msgs/msg/detail/command_header__functions.c
[48.468s] -- Installing: /home/suryaansh/URC_ws/install/drive_base_msgs/include/drive_base_msgs/drive_base_msgs/msg/detail/base_info__functions.c
[48.469s] -- Installing: /home/suryaansh/URC_ws/install/drive_base_msgs/include/drive_base_msgs/drive_base_msgs/msg/trv_command.h
[48.470s] -- Installing: /home/suryaansh/URC_ws/install/drive_base_msgs/include/drive_base_msgs/drive_base_msgs/msg/command_status.h
[48.470s] -- Installing: /home/suryaansh/URC_ws/install/drive_base_msgs/share/drive_base_msgs/environment/library_path.sh
[48.471s] -- Installing: /home/suryaansh/URC_ws/install/drive_base_msgs/share/drive_base_msgs/environment/library_path.dsv
[48.471s] -- Installing: /home/suryaansh/URC_ws/install/drive_base_msgs/lib/libdrive_base_msgs__rosidl_generator_c.so
[48.472s] -- Set non-toolchain portion of runtime path of "/home/suryaansh/URC_ws/install/drive_base_msgs/lib/libdrive_base_msgs__rosidl_generator_c.so" to ""
[48.472s] -- Up-to-date: /home/suryaansh/URC_ws/install/drive_base_msgs/include/drive_base_msgs/drive_base_msgs
[48.473s] -- Up-to-date: /home/suryaansh/URC_ws/install/drive_base_msgs/include/drive_base_msgs/drive_base_msgs/msg
[48.474s] -- Installing: /home/suryaansh/URC_ws/install/drive_base_msgs/include/drive_base_msgs/drive_base_msgs/msg/rosidl_typesupport_fastrtps_c__visibility_control.h
[48.474s] -- Up-to-date: /home/suryaansh/URC_ws/install/drive_base_msgs/include/drive_base_msgs/drive_base_msgs/msg/detail
[48.475s] -- Installing: /home/suryaansh/URC_ws/install/drive_base_msgs/include/drive_base_msgs/drive_base_msgs/msg/detail/command_status__rosidl_typesupport_fastrtps_c.h
[48.475s] -- Installing: /home/suryaansh/URC_ws/install/drive_base_msgs/include/drive_base_msgs/drive_base_msgs/msg/detail/command_header__rosidl_typesupport_fastrtps_c.h
[48.476s] -- Installing: /home/suryaansh/URC_ws/install/drive_base_msgs/include/drive_base_msgs/drive_base_msgs/msg/detail/base_info__rosidl_typesupport_fastrtps_c.h
[48.476s] -- Installing: /home/suryaansh/URC_ws/install/drive_base_msgs/include/drive_base_msgs/drive_base_msgs/msg/detail/trv_command__rosidl_typesupport_fastrtps_c.h
[48.477s] -- Installing: /home/suryaansh/URC_ws/install/drive_base_msgs/lib/libdrive_base_msgs__rosidl_typesupport_fastrtps_c.so
[48.477s] -- Set non-toolchain portion of runtime path of "/home/suryaansh/URC_ws/install/drive_base_msgs/lib/libdrive_base_msgs__rosidl_typesupport_fastrtps_c.so" to ""
[48.478s] -- Up-to-date: /home/suryaansh/URC_ws/install/drive_base_msgs/include/drive_base_msgs/drive_base_msgs
[48.478s] -- Up-to-date: /home/suryaansh/URC_ws/install/drive_base_msgs/include/drive_base_msgs/drive_base_msgs/msg
[48.479s] -- Installing: /home/suryaansh/URC_ws/install/drive_base_msgs/include/drive_base_msgs/drive_base_msgs/msg/command_header.hpp
[48.480s] -- Up-to-date: /home/suryaansh/URC_ws/install/drive_base_msgs/include/drive_base_msgs/drive_base_msgs/msg/detail
[48.480s] -- Installing: /home/suryaansh/URC_ws/install/drive_base_msgs/include/drive_base_msgs/drive_base_msgs/msg/detail/base_info__struct.hpp
[48.480s] -- Installing: /home/suryaansh/URC_ws/install/drive_base_msgs/include/drive_base_msgs/drive_base_msgs/msg/detail/trv_command__type_support.hpp
[48.481s] -- Installing: /home/suryaansh/URC_ws/install/drive_base_msgs/include/drive_base_msgs/drive_base_msgs/msg/detail/command_header__builder.hpp
[48.481s] -- Installing: /home/suryaansh/URC_ws/install/drive_base_msgs/include/drive_base_msgs/drive_base_msgs/msg/detail/command_header__type_support.hpp
[48.482s] -- Installing: /home/suryaansh/URC_ws/install/drive_base_msgs/include/drive_base_msgs/drive_base_msgs/msg/detail/command_status__struct.hpp
[48.482s] -- Installing: /home/suryaansh/URC_ws/install/drive_base_msgs/include/drive_base_msgs/drive_base_msgs/msg/detail/trv_command__struct.hpp
[48.483s] -- Installing: /home/suryaansh/URC_ws/install/drive_base_msgs/include/drive_base_msgs/drive_base_msgs/msg/detail/command_status__traits.hpp
[48.483s] -- Installing: /home/suryaansh/URC_ws/install/drive_base_msgs/include/drive_base_msgs/drive_base_msgs/msg/detail/command_header__struct.hpp
[48.484s] -- Installing: /home/suryaansh/URC_ws/install/drive_base_msgs/include/drive_base_msgs/drive_base_msgs/msg/detail/command_header__traits.hpp
[48.484s] -- Installing: /home/suryaansh/URC_ws/install/drive_base_msgs/include/drive_base_msgs/drive_base_msgs/msg/detail/trv_command__builder.hpp
[48.485s] -- Installing: /home/suryaansh/URC_ws/install/drive_base_msgs/include/drive_base_msgs/drive_base_msgs/msg/detail/base_info__builder.hpp
[48.485s] -- Installing: /home/suryaansh/URC_ws/install/drive_base_msgs/include/drive_base_msgs/drive_base_msgs/msg/detail/base_info__traits.hpp
[48.486s] -- Installing: /home/suryaansh/URC_ws/install/drive_base_msgs/include/drive_base_msgs/drive_base_msgs/msg/detail/command_status__type_support.hpp
[48.486s] -- Installing: /home/suryaansh/URC_ws/install/drive_base_msgs/include/drive_base_msgs/drive_base_msgs/msg/detail/trv_command__traits.hpp
[48.486s] -- Installing: /home/suryaansh/URC_ws/install/drive_base_msgs/include/drive_base_msgs/drive_base_msgs/msg/detail/command_status__builder.hpp
[48.487s] -- Installing: /home/suryaansh/URC_ws/install/drive_base_msgs/include/drive_base_msgs/drive_base_msgs/msg/detail/base_info__type_support.hpp
[48.487s] -- Installing: /home/suryaansh/URC_ws/install/drive_base_msgs/include/drive_base_msgs/drive_base_msgs/msg/base_info.hpp
[48.488s] -- Installing: /home/suryaansh/URC_ws/install/drive_base_msgs/include/drive_base_msgs/drive_base_msgs/msg/rosidl_generator_cpp__visibility_control.hpp
[48.488s] -- Installing: /home/suryaansh/URC_ws/install/drive_base_msgs/include/drive_base_msgs/drive_base_msgs/msg/command_status.hpp
[48.489s] -- Installing: /home/suryaansh/URC_ws/install/drive_base_msgs/include/drive_base_msgs/drive_base_msgs/msg/trv_command.hpp
[48.489s] -- Up-to-date: /home/suryaansh/URC_ws/install/drive_base_msgs/include/drive_base_msgs/drive_base_msgs
[48.490s] -- Up-to-date: /home/suryaansh/URC_ws/install/drive_base_msgs/include/drive_base_msgs/drive_base_msgs/msg
[48.491s] -- Up-to-date: /home/suryaansh/URC_ws/install/drive_base_msgs/include/drive_base_msgs/drive_base_msgs/msg/detail
[48.491s] -- Installing: /home/suryaansh/URC_ws/install/drive_base_msgs/include/drive_base_msgs/drive_base_msgs/msg/detail/base_info__rosidl_typesupport_fastrtps_cpp.hpp
[48.492s] -- Installing: /home/suryaansh/URC_ws/install/drive_base_msgs/include/drive_base_msgs/drive_base_msgs/msg/detail/dds_fastrtps
[48.492s] -- Installing: /home/suryaansh/URC_ws/install/drive_base_msgs/include/drive_base_msgs/drive_base_msgs/msg/detail/command_header__rosidl_typesupport_fastrtps_cpp.hpp
[48.492s] -- Installing: /home/suryaansh/URC_ws/install/drive_base_msgs/include/drive_base_msgs/drive_base_msgs/msg/detail/trv_command__rosidl_typesupport_fastrtps_cpp.hpp
[48.493s] -- Installing: /home/suryaansh/URC_ws/install/drive_base_msgs/include/drive_base_msgs/drive_base_msgs/msg/detail/command_status__rosidl_typesupport_fastrtps_cpp.hpp
[48.493s] -- Installing: /home/suryaansh/URC_ws/install/drive_base_msgs/include/drive_base_msgs/drive_base_msgs/msg/rosidl_typesupport_fastrtps_cpp__visibility_control.h
[48.494s] -- Installing: /home/suryaansh/URC_ws/install/drive_base_msgs/lib/libdrive_base_msgs__rosidl_typesupport_fastrtps_cpp.so
[48.494s] -- Set non-toolchain portion of runtime path of "/home/suryaansh/URC_ws/install/drive_base_msgs/lib/libdrive_base_msgs__rosidl_typesupport_fastrtps_cpp.so" to ""
[48.495s] -- Up-to-date: /home/suryaansh/URC_ws/install/drive_base_msgs/include/drive_base_msgs/drive_base_msgs
[48.495s] -- Up-to-date: /home/suryaansh/URC_ws/install/drive_base_msgs/include/drive_base_msgs/drive_base_msgs/msg
[48.496s] -- Up-to-date: /home/suryaansh/URC_ws/install/drive_base_msgs/include/drive_base_msgs/drive_base_msgs/msg/detail
[48.496s] -- Installing: /home/suryaansh/URC_ws/install/drive_base_msgs/include/drive_base_msgs/drive_base_msgs/msg/detail/base_info__type_support.c
[48.497s] -- Installing: /home/suryaansh/URC_ws/install/drive_base_msgs/include/drive_base_msgs/drive_base_msgs/msg/detail/command_status__rosidl_typesupport_introspection_c.h
[48.497s] -- Installing: /home/suryaansh/URC_ws/install/drive_base_msgs/include/drive_base_msgs/drive_base_msgs/msg/detail/command_header__type_support.c
[48.497s] -- Installing: /home/suryaansh/URC_ws/install/drive_base_msgs/include/drive_base_msgs/drive_base_msgs/msg/detail/trv_command__rosidl_typesupport_introspection_c.h
[48.498s] -- Installing: /home/suryaansh/URC_ws/install/drive_base_msgs/include/drive_base_msgs/drive_base_msgs/msg/detail/trv_command__type_support.c
[48.498s] -- Installing: /home/suryaansh/URC_ws/install/drive_base_msgs/include/drive_base_msgs/drive_base_msgs/msg/detail/command_header__rosidl_typesupport_introspection_c.h
[48.498s] -- Installing: /home/suryaansh/URC_ws/install/drive_base_msgs/include/drive_base_msgs/drive_base_msgs/msg/detail/command_status__type_support.c
[48.499s] -- Installing: /home/suryaansh/URC_ws/install/drive_base_msgs/include/drive_base_msgs/drive_base_msgs/msg/detail/base_info__rosidl_typesupport_introspection_c.h
[48.499s] -- Installing: /home/suryaansh/URC_ws/install/drive_base_msgs/include/drive_base_msgs/drive_base_msgs/msg/rosidl_typesupport_introspection_c__visibility_control.h
[48.499s] -- Installing: /home/suryaansh/URC_ws/install/drive_base_msgs/lib/libdrive_base_msgs__rosidl_typesupport_introspection_c.so
[48.499s] -- Set non-toolchain portion of runtime path of "/home/suryaansh/URC_ws/install/drive_base_msgs/lib/libdrive_base_msgs__rosidl_typesupport_introspection_c.so" to ""
[48.500s] -- Installing: /home/suryaansh/URC_ws/install/drive_base_msgs/lib/libdrive_base_msgs__rosidl_typesupport_c.so
[48.500s] -- Set non-toolchain portion of runtime path of "/home/suryaansh/URC_ws/install/drive_base_msgs/lib/libdrive_base_msgs__rosidl_typesupport_c.so" to ""
[48.501s] -- Up-to-date: /home/suryaansh/URC_ws/install/drive_base_msgs/include/drive_base_msgs/drive_base_msgs
[48.501s] -- Up-to-date: /home/suryaansh/URC_ws/install/drive_base_msgs/include/drive_base_msgs/drive_base_msgs/msg
[48.502s] -- Up-to-date: /home/suryaansh/URC_ws/install/drive_base_msgs/include/drive_base_msgs/drive_base_msgs/msg/detail
[48.502s] -- Installing: /home/suryaansh/URC_ws/install/drive_base_msgs/include/drive_base_msgs/drive_base_msgs/msg/detail/command_header__rosidl_typesupport_introspection_cpp.hpp
[48.503s] -- Installing: /home/suryaansh/URC_ws/install/drive_base_msgs/include/drive_base_msgs/drive_base_msgs/msg/detail/command_header__type_support.cpp
[48.503s] -- Installing: /home/suryaansh/URC_ws/install/drive_base_msgs/include/drive_base_msgs/drive_base_msgs/msg/detail/trv_command__rosidl_typesupport_introspection_cpp.hpp
[48.504s] -- Installing: /home/suryaansh/URC_ws/install/drive_base_msgs/include/drive_base_msgs/drive_base_msgs/msg/detail/base_info__rosidl_typesupport_introspection_cpp.hpp
[48.504s] -- Installing: /home/suryaansh/URC_ws/install/drive_base_msgs/include/drive_base_msgs/drive_base_msgs/msg/detail/command_status__rosidl_typesupport_introspection_cpp.hpp
[48.505s] -- Installing: /home/suryaansh/URC_ws/install/drive_base_msgs/include/drive_base_msgs/drive_base_msgs/msg/detail/command_status__type_support.cpp
[48.505s] -- Installing: /home/suryaansh/URC_ws/install/drive_base_msgs/include/drive_base_msgs/drive_base_msgs/msg/detail/trv_command__type_support.cpp
[48.506s] -- Installing: /home/suryaansh/URC_ws/install/drive_base_msgs/include/drive_base_msgs/drive_base_msgs/msg/detail/base_info__type_support.cpp
[48.507s] -- Installing: /home/suryaansh/URC_ws/install/drive_base_msgs/lib/libdrive_base_msgs__rosidl_typesupport_introspection_cpp.so
[48.507s] -- Set non-toolchain portion of runtime path of "/home/suryaansh/URC_ws/install/drive_base_msgs/lib/libdrive_base_msgs__rosidl_typesupport_introspection_cpp.so" to ""
[48.508s] -- Installing: /home/suryaansh/URC_ws/install/drive_base_msgs/lib/libdrive_base_msgs__rosidl_typesupport_cpp.so
[48.508s] -- Set non-toolchain portion of runtime path of "/home/suryaansh/URC_ws/install/drive_base_msgs/lib/libdrive_base_msgs__rosidl_typesupport_cpp.so" to ""
[48.508s] -- Installing: /home/suryaansh/URC_ws/install/drive_base_msgs/share/drive_base_msgs/environment/pythonpath.sh
[48.509s] -- Installing: /home/suryaansh/URC_ws/install/drive_base_msgs/share/drive_base_msgs/environment/pythonpath.dsv
[48.509s] -- Installing: /home/suryaansh/URC_ws/install/drive_base_msgs/lib/python3.12/site-packages/drive_base_msgs-0.0.0-py3.12.egg-info
[48.509s] -- Installing: /home/suryaansh/URC_ws/install/drive_base_msgs/lib/python3.12/site-packages/drive_base_msgs-0.0.0-py3.12.egg-info/PKG-INFO
[48.510s] -- Installing: /home/suryaansh/URC_ws/install/drive_base_msgs/lib/python3.12/site-packages/drive_base_msgs-0.0.0-py3.12.egg-info/top_level.txt
[48.510s] -- Installing: /home/suryaansh/URC_ws/install/drive_base_msgs/lib/python3.12/site-packages/drive_base_msgs-0.0.0-py3.12.egg-info/dependency_links.txt
[48.510s] -- Installing: /home/suryaansh/URC_ws/install/drive_base_msgs/lib/python3.12/site-packages/drive_base_msgs-0.0.0-py3.12.egg-info/SOURCES.txt
[48.511s] -- Installing: /home/suryaansh/URC_ws/install/drive_base_msgs/lib/python3.12/site-packages/drive_base_msgs
[48.511s] -- Installing: /home/suryaansh/URC_ws/install/drive_base_msgs/lib/python3.12/site-packages/drive_base_msgs/drive_base_msgs_s__rosidl_typesupport_c.so
[48.511s] -- Installing: /home/suryaansh/URC_ws/install/drive_base_msgs/lib/python3.12/site-packages/drive_base_msgs/_drive_base_msgs_s.ep.rosidl_typesupport_fastrtps_c.c
[48.511s] -- Installing: /home/suryaansh/URC_ws/install/drive_base_msgs/lib/python3.12/site-packages/drive_base_msgs/drive_base_msgs_s__rosidl_typesupport_fastrtps_c.so
[48.511s] -- Installing: /home/suryaansh/URC_ws/install/drive_base_msgs/lib/python3.12/site-packages/drive_base_msgs/_drive_base_msgs_s.ep.rosidl_typesupport_c.c
[48.511s] -- Installing: /home/suryaansh/URC_ws/install/drive_base_msgs/lib/python3.12/site-packages/drive_base_msgs/msg
[48.512s] -- Installing: /home/suryaansh/URC_ws/install/drive_base_msgs/lib/python3.12/site-packages/drive_base_msgs/msg/_command_status.py
[48.512s] -- Installing: /home/suryaansh/URC_ws/install/drive_base_msgs/lib/python3.12/site-packages/drive_base_msgs/msg/_command_header.py
[48.512s] -- Installing: /home/suryaansh/URC_ws/install/drive_base_msgs/lib/python3.12/site-packages/drive_base_msgs/msg/_base_info.py
[48.512s] -- Installing: /home/suryaansh/URC_ws/install/drive_base_msgs/lib/python3.12/site-packages/drive_base_msgs/msg/_trv_command.py
[48.512s] -- Installing: /home/suryaansh/URC_ws/install/drive_base_msgs/lib/python3.12/site-packages/drive_base_msgs/msg/_command_header_s.c
[48.512s] -- Installing: /home/suryaansh/URC_ws/install/drive_base_msgs/lib/python3.12/site-packages/drive_base_msgs/msg/__init__.py
[48.512s] -- Installing: /home/suryaansh/URC_ws/install/drive_base_msgs/lib/python3.12/site-packages/drive_base_msgs/msg/_command_status_s.c
[48.513s] -- Installing: /home/suryaansh/URC_ws/install/drive_base_msgs/lib/python3.12/site-packages/drive_base_msgs/msg/_trv_command_s.c
[48.513s] -- Installing: /home/suryaansh/URC_ws/install/drive_base_msgs/lib/python3.12/site-packages/drive_base_msgs/msg/_base_info_s.c
[48.513s] -- Installing: /home/suryaansh/URC_ws/install/drive_base_msgs/lib/python3.12/site-packages/drive_base_msgs/__init__.py
[48.513s] -- Installing: /home/suryaansh/URC_ws/install/drive_base_msgs/lib/python3.12/site-packages/drive_base_msgs/_drive_base_msgs_s.ep.rosidl_typesupport_introspection_c.c
[48.513s] -- Installing: /home/suryaansh/URC_ws/install/drive_base_msgs/lib/python3.12/site-packages/drive_base_msgs/drive_base_msgs_s__rosidl_typesupport_introspection_c.so
[48.637s] Listing '/home/suryaansh/URC_ws/install/drive_base_msgs/lib/python3.12/site-packages/drive_base_msgs'...
[48.637s] Compiling '/home/suryaansh/URC_ws/install/drive_base_msgs/lib/python3.12/site-packages/drive_base_msgs/__init__.py'...
[48.637s] Listing '/home/suryaansh/URC_ws/install/drive_base_msgs/lib/python3.12/site-packages/drive_base_msgs/msg'...
[48.638s] Compiling '/home/suryaansh/URC_ws/install/drive_base_msgs/lib/python3.12/site-packages/drive_base_msgs/msg/__init__.py'...
[48.638s] Compiling '/home/suryaansh/URC_ws/install/drive_base_msgs/lib/python3.12/site-packages/drive_base_msgs/msg/_base_info.py'...
[48.638s] Compiling '/home/suryaansh/URC_ws/install/drive_base_msgs/lib/python3.12/site-packages/drive_base_msgs/msg/_command_header.py'...
[48.639s] Compiling '/home/suryaansh/URC_ws/install/drive_base_msgs/lib/python3.12/site-packages/drive_base_msgs/msg/_command_status.py'...
[48.639s] Compiling '/home/suryaansh/URC_ws/install/drive_base_msgs/lib/python3.12/site-packages/drive_base_msgs/msg/_trv_command.py'...
[48.659s] -- Installing: /home/suryaansh/URC_ws/install/drive_base_msgs/lib/python3.12/site-packages/drive_base_msgs/drive_base_msgs_s__rosidl_typesupport_fastrtps_c.so
[48.660s] -- Set non-toolchain portion of runtime path of "/home/suryaansh/URC_ws/install/drive_base_msgs/lib/python3.12/site-packages/drive_base_msgs/drive_base_msgs_s__rosidl_typesupport_fastrtps_c.so" to ""
[48.660s] -- Installing: /home/suryaansh/URC_ws/install/drive_base_msgs/lib/python3.12/site-packages/drive_base_msgs/drive_base_msgs_s__rosidl_typesupport_introspection_c.so
[48.662s] -- Set non-toolchain portion of runtime path of "/home/suryaansh/URC_ws/install/drive_base_msgs/lib/python3.12/site-packages/drive_base_msgs/drive_base_msgs_s__rosidl_typesupport_introspection_c.so" to ""
[48.662s] -- Installing: /home/suryaansh/URC_ws/install/drive_base_msgs/lib/python3.12/site-packages/drive_base_msgs/drive_base_msgs_s__rosidl_typesupport_c.so
[48.663s] -- Set non-toolchain portion of runtime path of "/home/suryaansh/URC_ws/install/drive_base_msgs/lib/python3.12/site-packages/drive_base_msgs/drive_base_msgs_s__rosidl_typesupport_c.so" to ""
[48.664s] -- Installing: /home/suryaansh/URC_ws/install/drive_base_msgs/lib/libdrive_base_msgs__rosidl_generator_py.so
[48.665s] -- Set non-toolchain portion of runtime path of "/home/suryaansh/URC_ws/install/drive_base_msgs/lib/libdrive_base_msgs__rosidl_generator_py.so" to ""
[48.665s] -- Installing: /home/suryaansh/URC_ws/install/drive_base_msgs/share/drive_base_msgs/msg/CommandHeader.idl
[48.666s] -- Installing: /home/suryaansh/URC_ws/install/drive_base_msgs/share/drive_base_msgs/msg/BaseInfo.idl
[48.666s] -- Installing: /home/suryaansh/URC_ws/install/drive_base_msgs/share/drive_base_msgs/msg/CommandStatus.idl
[48.667s] -- Installing: /home/suryaansh/URC_ws/install/drive_base_msgs/share/drive_base_msgs/msg/TRVCommand.idl
[48.667s] -- Installing: /home/suryaansh/URC_ws/install/drive_base_msgs/share/drive_base_msgs/msg/CommandHeader.msg
[48.667s] -- Installing: /home/suryaansh/URC_ws/install/drive_base_msgs/share/drive_base_msgs/msg/BaseInfo.msg
[48.668s] -- Installing: /home/suryaansh/URC_ws/install/drive_base_msgs/share/drive_base_msgs/msg/CommandStatus.msg
[48.668s] -- Installing: /home/suryaansh/URC_ws/install/drive_base_msgs/share/drive_base_msgs/msg/TRVCommand.msg
[48.669s] -- Installing: /home/suryaansh/URC_ws/install/drive_base_msgs/share/ament_index/resource_index/package_run_dependencies/drive_base_msgs
[48.669s] -- Installing: /home/suryaansh/URC_ws/install/drive_base_msgs/share/ament_index/resource_index/parent_prefix_path/drive_base_msgs
[48.670s] -- Installing: /home/suryaansh/URC_ws/install/drive_base_msgs/share/drive_base_msgs/environment/ament_prefix_path.sh
[48.670s] -- Installing: /home/suryaansh/URC_ws/install/drive_base_msgs/share/drive_base_msgs/environment/ament_prefix_path.dsv
[48.670s] -- Installing: /home/suryaansh/URC_ws/install/drive_base_msgs/share/drive_base_msgs/environment/path.sh
[48.671s] -- Installing: /home/suryaansh/URC_ws/install/drive_base_msgs/share/drive_base_msgs/environment/path.dsv
[48.672s] -- Installing: /home/suryaansh/URC_ws/install/drive_base_msgs/share/drive_base_msgs/local_setup.bash
[48.672s] -- Installing: /home/suryaansh/URC_ws/install/drive_base_msgs/share/drive_base_msgs/local_setup.sh
[48.673s] -- Installing: /home/suryaansh/URC_ws/install/drive_base_msgs/share/drive_base_msgs/local_setup.zsh
[48.673s] -- Installing: /home/suryaansh/URC_ws/install/drive_base_msgs/share/drive_base_msgs/local_setup.dsv
[48.674s] -- Installing: /home/suryaansh/URC_ws/install/drive_base_msgs/share/drive_base_msgs/package.dsv
[48.674s] -- Installing: /home/suryaansh/URC_ws/install/drive_base_msgs/share/ament_index/resource_index/packages/drive_base_msgs
[48.675s] -- Installing: /home/suryaansh/URC_ws/install/drive_base_msgs/share/drive_base_msgs/cmake/export_drive_base_msgs__rosidl_generator_cExport.cmake
[48.675s] -- Installing: /home/suryaansh/URC_ws/install/drive_base_msgs/share/drive_base_msgs/cmake/export_drive_base_msgs__rosidl_generator_cExport-noconfig.cmake
[48.675s] -- Installing: /home/suryaansh/URC_ws/install/drive_base_msgs/share/drive_base_msgs/cmake/export_drive_base_msgs__rosidl_typesupport_fastrtps_cExport.cmake
[48.676s] -- Installing: /home/suryaansh/URC_ws/install/drive_base_msgs/share/drive_base_msgs/cmake/export_drive_base_msgs__rosidl_typesupport_fastrtps_cExport-noconfig.cmake
[48.677s] -- Installing: /home/suryaansh/URC_ws/install/drive_base_msgs/share/drive_base_msgs/cmake/export_drive_base_msgs__rosidl_generator_cppExport.cmake
[48.677s] -- Installing: /home/suryaansh/URC_ws/install/drive_base_msgs/share/drive_base_msgs/cmake/export_drive_base_msgs__rosidl_typesupport_fastrtps_cppExport.cmake
[48.677s] -- Installing: /home/suryaansh/URC_ws/install/drive_base_msgs/share/drive_base_msgs/cmake/export_drive_base_msgs__rosidl_typesupport_fastrtps_cppExport-noconfig.cmake
[48.678s] -- Installing: /home/suryaansh/URC_ws/install/drive_base_msgs/share/drive_base_msgs/cmake/drive_base_msgs__rosidl_typesupport_introspection_cExport.cmake
[48.678s] -- Installing: /home/suryaansh/URC_ws/install/drive_base_msgs/share/drive_base_msgs/cmake/drive_base_msgs__rosidl_typesupport_introspection_cExport-noconfig.cmake
[48.679s] -- Installing: /home/suryaansh/URC_ws/install/drive_base_msgs/share/drive_base_msgs/cmake/drive_base_msgs__rosidl_typesupport_cExport.cmake
[48.679s] -- Installing: /home/suryaansh/URC_ws/install/drive_base_msgs/share/drive_base_msgs/cmake/drive_base_msgs__rosidl_typesupport_cExport-noconfig.cmake
[48.679s] -- Installing: /home/suryaansh/URC_ws/install/drive_base_msgs/share/drive_base_msgs/cmake/drive_base_msgs__rosidl_typesupport_introspection_cppExport.cmake
[48.680s] -- Installing: /home/suryaansh/URC_ws/install/drive_base_msgs/share/drive_base_msgs/cmake/drive_base_msgs__rosidl_typesupport_introspection_cppExport-noconfig.cmake
[48.680s] -- Installing: /home/suryaansh/URC_ws/install/drive_base_msgs/share/drive_base_msgs/cmake/drive_base_msgs__rosidl_typesupport_cppExport.cmake
[48.681s] -- Installing: /home/suryaansh/URC_ws/install/drive_base_msgs/share/drive_base_msgs/cmake/drive_base_msgs__rosidl_typesupport_cppExport-noconfig.cmake
[48.681s] -- Installing: /home/suryaansh/URC_ws/install/drive_base_msgs/share/drive_base_msgs/cmake/export_drive_base_msgs__rosidl_generator_pyExport.cmake
[48.681s] -- Installing: /home/suryaansh/URC_ws/install/drive_base_msgs/share/drive_base_msgs/cmake/export_drive_base_msgs__rosidl_generator_pyExport-noconfig.cmake
[48.682s] -- Installing: /home/suryaansh/URC_ws/install/drive_base_msgs/share/drive_base_msgs/cmake/rosidl_cmake-extras.cmake
[48.682s] -- Installing: /home/suryaansh/URC_ws/install/drive_base_msgs/share/drive_base_msgs/cmake/ament_cmake_export_dependencies-extras.cmake
[48.682s] -- Installing: /home/suryaansh/URC_ws/install/drive_base_msgs/share/drive_base_msgs/cmake/ament_cmake_export_include_directories-extras.cmake
[48.683s] -- Installing: /home/suryaansh/URC_ws/install/drive_base_msgs/share/drive_base_msgs/cmake/ament_cmake_export_libraries-extras.cmake
[48.683s] -- Installing: /home/suryaansh/URC_ws/install/drive_base_msgs/share/drive_base_msgs/cmake/ament_cmake_export_targets-extras.cmake
[48.683s] -- Installing: /home/suryaansh/URC_ws/install/drive_base_msgs/share/drive_base_msgs/cmake/rosidl_cmake_export_typesupport_targets-extras.cmake
[48.684s] -- Installing: /home/suryaansh/URC_ws/install/drive_base_msgs/share/drive_base_msgs/cmake/rosidl_cmake_export_typesupport_libraries-extras.cmake
[48.684s] -- Installing: /home/suryaansh/URC_ws/install/drive_base_msgs/share/drive_base_msgs/cmake/drive_base_msgsConfig.cmake
[48.685s] -- Installing: /home/suryaansh/URC_ws/install/drive_base_msgs/share/drive_base_msgs/cmake/drive_base_msgsConfig-version.cmake
[48.685s] -- Installing: /home/suryaansh/URC_ws/install/drive_base_msgs/share/drive_base_msgs/package.xml
[48.692s] Invoked command in '/home/suryaansh/URC_ws/build/drive_base_msgs' returned '0': CMAKE_PREFIX_PATH=${CMAKE_PREFIX_PATH}:/opt/ros/jazzy DEBUGINFOD_URLS=https://debuginfod.ubuntu.com /usr/bin/cmake --install /home/suryaansh/URC_ws/build/drive_base_msgs
