[0.083s] Invoking command in '/home/suryaansh/URC_ws/build/micro_ros_msgs': CMAKE_PREFIX_PATH=${CMAKE_PREFIX_PATH}:/opt/ros/jazzy DEBUGINFOD_URLS=https://debuginfod.ubuntu.com /usr/bin/cmake /home/suryaansh/URC_ws/src/uros/micro_ros_msgs -DCMAKE_INSTALL_PREFIX=/home/suryaansh/URC_ws/install/micro_ros_msgs
[0.314s] -- The C compiler identification is GNU 13.3.0
[0.545s] -- The CXX compiler identification is GNU 13.3.0
[0.603s] -- Detecting C compiler ABI info
[0.891s] -- Detecting C compiler ABI info - done
[0.942s] -- Check for working C compiler: /usr/bin/cc - skipped
[0.942s] -- Detecting C compile features
[0.944s] -- Detecting C compile features - done
[0.978s] -- Detecting CXX compiler ABI info
[1.348s] -- Detecting CXX compiler ABI info - done
[1.383s] -- Check for working CXX compiler: /usr/bin/c++ - skipped
[1.383s] -- Detecting CXX compile features
[1.386s] -- Detecting CXX compile features - done
[1.397s] -- Found ament_cmake: 2.5.4 (/opt/ros/jazzy/share/ament_cmake/cmake)
[1.949s] -- Found Python3: /usr/bin/python3 (found version "3.12.3") found components: Interpreter 
[2.437s] -- Found rosidl_default_generators: 1.6.0 (/opt/ros/jazzy/share/rosidl_default_generators/cmake)
[2.473s] -- Using all available rosidl_typesupport_c: rosidl_typesupport_fastrtps_c;rosidl_typesupport_introspection_c
[2.731s] -- Using all available rosidl_typesupport_cpp: rosidl_typesupport_fastrtps_cpp;rosidl_typesupport_introspection_cpp
[3.002s] -- Found rosidl_adapter: 4.6.6 (/opt/ros/jazzy/share/rosidl_adapter/cmake)
[3.016s] -- Found ament_lint_auto: 0.17.3 (/opt/ros/jazzy/share/ament_lint_auto/cmake)
[5.100s] -- Found ament_cmake_ros: 0.12.0 (/opt/ros/jazzy/share/ament_cmake_ros/cmake)
[6.501s] -- Using all available rosidl_typesupport_c: rosidl_typesupport_fastrtps_c;rosidl_typesupport_introspection_c
[8.121s] -- Using all available rosidl_typesupport_cpp: rosidl_typesupport_fastrtps_cpp;rosidl_typesupport_introspection_cpp
[8.141s] -- Found python_cmake_module: 0.11.1 (/opt/ros/jazzy/share/python_cmake_module/cmake)
[8.509s] -- Found PythonExtra: /usr/bin/python3  
[9.769s] -- Found Python3: /usr/bin/python3 (found version "3.12.3") found components: Interpreter Development NumPy Development.Module Development.Embed 
[9.866s] -- Added test 'copyright' to check source files copyright and LICENSE
[9.889s] -- Added test 'lint_cmake' to check CMake code style
[9.901s] -- Added test 'xmllint' to check XML markup files
[9.918s] -- Configuring done (9.8s)
[10.010s] -- Generating done (0.1s)
[10.045s] -- Build files have been written to: /home/suryaansh/URC_ws/build/micro_ros_msgs
[10.062s] Invoked command in '/home/suryaansh/URC_ws/build/micro_ros_msgs' returned '0': CMAKE_PREFIX_PATH=${CMAKE_PREFIX_PATH}:/opt/ros/jazzy DEBUGINFOD_URLS=https://debuginfod.ubuntu.com /usr/bin/cmake /home/suryaansh/URC_ws/src/uros/micro_ros_msgs -DCMAKE_INSTALL_PREFIX=/home/suryaansh/URC_ws/install/micro_ros_msgs
[10.065s] Invoking command in '/home/suryaansh/URC_ws/build/micro_ros_msgs': CMAKE_PREFIX_PATH=${CMAKE_PREFIX_PATH}:/opt/ros/jazzy DEBUGINFOD_URLS=https://debuginfod.ubuntu.com /usr/bin/cmake --build /home/suryaansh/URC_ws/build/micro_ros_msgs -- -j8 -l8
[10.292s] [  1%] [34m[1mGenerating type hashes for ROS interfaces[0m
[10.363s] [  1%] Built target ament_cmake_python_copy_micro_ros_msgs
[12.211s] [  1%] Built target micro_ros_msgs__rosidl_generator_type_description
[12.295s] [  3%] [34m[1mGenerating C code for ROS interfaces[0m
[12.379s] [  5%] [34m[1mGenerating C++ code for ROS interfaces[0m
[12.807s] running egg_info
[12.812s] creating micro_ros_msgs.egg-info
[13.162s] writing micro_ros_msgs.egg-info/PKG-INFO
[13.163s] writing dependency_links to micro_ros_msgs.egg-info/dependency_links.txt
[13.166s] writing top-level names to micro_ros_msgs.egg-info/top_level.txt
[13.174s] writing manifest file 'micro_ros_msgs.egg-info/SOURCES.txt'
[14.114s] reading manifest file 'micro_ros_msgs.egg-info/SOURCES.txt'
[14.121s] writing manifest file 'micro_ros_msgs.egg-info/SOURCES.txt'
[14.306s] [  5%] Built target ament_cmake_python_build_micro_ros_msgs_egg
[15.401s] [  5%] Built target micro_ros_msgs__cpp
[15.857s] [  7%] [32mBuilding C object CMakeFiles/micro_ros_msgs__rosidl_generator_c.dir/rosidl_generator_c/micro_ros_msgs/msg/detail/graph__type_support.c.o[0m
[15.859s] [  9%] [32mBuilding C object CMakeFiles/micro_ros_msgs__rosidl_generator_c.dir/rosidl_generator_c/micro_ros_msgs/msg/detail/graph__functions.c.o[0m
[15.861s] [ 11%] [32mBuilding C object CMakeFiles/micro_ros_msgs__rosidl_generator_c.dir/rosidl_generator_c/micro_ros_msgs/msg/detail/graph__description.c.o[0m
[15.869s] [ 12%] [32mBuilding C object CMakeFiles/micro_ros_msgs__rosidl_generator_c.dir/rosidl_generator_c/micro_ros_msgs/msg/detail/node__functions.c.o[0m
[15.874s] [ 14%] [32mBuilding C object CMakeFiles/micro_ros_msgs__rosidl_generator_c.dir/rosidl_generator_c/micro_ros_msgs/msg/detail/node__description.c.o[0m
[15.894s] [ 16%] [32mBuilding C object CMakeFiles/micro_ros_msgs__rosidl_generator_c.dir/rosidl_generator_c/micro_ros_msgs/msg/detail/node__type_support.c.o[0m
[15.894s] [ 18%] [32mBuilding C object CMakeFiles/micro_ros_msgs__rosidl_generator_c.dir/rosidl_generator_c/micro_ros_msgs/msg/detail/entity__description.c.o[0m
[16.034s] [ 20%] [32mBuilding C object CMakeFiles/micro_ros_msgs__rosidl_generator_c.dir/rosidl_generator_c/micro_ros_msgs/msg/detail/entity__functions.c.o[0m
[16.075s] [ 22%] [32mBuilding C object CMakeFiles/micro_ros_msgs__rosidl_generator_c.dir/rosidl_generator_c/micro_ros_msgs/msg/detail/entity__type_support.c.o[0m
[16.233s] [ 24%] [32m[1mLinking C shared library libmicro_ros_msgs__rosidl_generator_c.so[0m
[16.343s] [ 24%] Built target micro_ros_msgs__rosidl_generator_c
[16.385s] [ 25%] [34m[1mGenerating C type support for eProsima Fast-RTPS[0m
[16.386s] [ 27%] [34m[1mGenerating C++ introspection for ROS interfaces[0m
[16.391s] [ 29%] [34m[1mGenerating C introspection for ROS interfaces[0m
[16.407s] [ 33%] [34m[1mGenerating C type support dispatch for ROS interfaces[0m
[16.408s] [ 33%] [34m[1mGenerating C++ type support dispatch for ROS interfaces[0m
[16.411s] [ 35%] [34m[1mGenerating C++ type support for eProsima Fast-RTPS[0m
[19.366s] [ 37%] [32mBuilding CXX object CMakeFiles/micro_ros_msgs__rosidl_typesupport_c.dir/rosidl_typesupport_c/micro_ros_msgs/msg/node__type_support.cpp.o[0m
[19.376s] [ 38%] [32mBuilding CXX object CMakeFiles/micro_ros_msgs__rosidl_typesupport_c.dir/rosidl_typesupport_c/micro_ros_msgs/msg/graph__type_support.cpp.o[0m
[19.427s] [ 40%] [32mBuilding C object CMakeFiles/micro_ros_msgs__rosidl_typesupport_introspection_c.dir/rosidl_typesupport_introspection_c/micro_ros_msgs/msg/detail/graph__type_support.c.o[0m
[19.721s] [ 42%] [32mBuilding C object CMakeFiles/micro_ros_msgs__rosidl_typesupport_introspection_c.dir/rosidl_typesupport_introspection_c/micro_ros_msgs/msg/detail/node__type_support.c.o[0m
[19.731s] [ 44%] [32mBuilding CXX object CMakeFiles/micro_ros_msgs__rosidl_typesupport_c.dir/rosidl_typesupport_c/micro_ros_msgs/msg/entity__type_support.cpp.o[0m
[19.761s] [ 46%] [32mBuilding C object CMakeFiles/micro_ros_msgs__rosidl_typesupport_introspection_c.dir/rosidl_typesupport_introspection_c/micro_ros_msgs/msg/detail/entity__type_support.c.o[0m
[19.844s] [ 48%] [32mBuilding CXX object CMakeFiles/micro_ros_msgs__rosidl_typesupport_cpp.dir/rosidl_typesupport_cpp/micro_ros_msgs/msg/graph__type_support.cpp.o[0m
[19.851s] [ 50%] [32mBuilding CXX object CMakeFiles/micro_ros_msgs__rosidl_typesupport_cpp.dir/rosidl_typesupport_cpp/micro_ros_msgs/msg/node__type_support.cpp.o[0m
[19.853s] [ 51%] [32mBuilding CXX object CMakeFiles/micro_ros_msgs__rosidl_typesupport_fastrtps_c.dir/rosidl_typesupport_fastrtps_c/micro_ros_msgs/msg/detail/graph__type_support_c.cpp.o[0m
[19.923s] [ 53%] [32mBuilding CXX object CMakeFiles/micro_ros_msgs__rosidl_typesupport_introspection_cpp.dir/rosidl_typesupport_introspection_cpp/micro_ros_msgs/msg/detail/graph__type_support.cpp.o[0m
[19.939s] [ 55%] [32mBuilding CXX object CMakeFiles/micro_ros_msgs__rosidl_typesupport_fastrtps_c.dir/rosidl_typesupport_fastrtps_c/micro_ros_msgs/msg/detail/node__type_support_c.cpp.o[0m
[19.972s] [ 57%] [32m[1mLinking CXX shared library libmicro_ros_msgs__rosidl_typesupport_c.so[0m
[19.999s] [ 59%] [32m[1mLinking C shared library libmicro_ros_msgs__rosidl_typesupport_introspection_c.so[0m
[20.248s] [ 59%] Built target micro_ros_msgs__rosidl_typesupport_c
[20.248s] [ 59%] Built target micro_ros_msgs__rosidl_typesupport_introspection_c
[20.278s] [ 61%] [32mBuilding CXX object CMakeFiles/micro_ros_msgs__rosidl_typesupport_fastrtps_cpp.dir/rosidl_typesupport_fastrtps_cpp/micro_ros_msgs/msg/detail/dds_fastrtps/graph__type_support.cpp.o[0m
[21.806s] [ 62%] [32mBuilding CXX object CMakeFiles/micro_ros_msgs__rosidl_typesupport_cpp.dir/rosidl_typesupport_cpp/micro_ros_msgs/msg/entity__type_support.cpp.o[0m
[21.827s] [ 64%] [32mBuilding CXX object CMakeFiles/micro_ros_msgs__rosidl_typesupport_fastrtps_cpp.dir/rosidl_typesupport_fastrtps_cpp/micro_ros_msgs/msg/detail/dds_fastrtps/node__type_support.cpp.o[0m
[21.921s] [ 66%] [32mBuilding CXX object CMakeFiles/micro_ros_msgs__rosidl_typesupport_introspection_cpp.dir/rosidl_typesupport_introspection_cpp/micro_ros_msgs/msg/detail/node__type_support.cpp.o[0m
[23.056s] [ 68%] [32mBuilding CXX object CMakeFiles/micro_ros_msgs__rosidl_typesupport_fastrtps_c.dir/rosidl_typesupport_fastrtps_c/micro_ros_msgs/msg/detail/entity__type_support_c.cpp.o[0m
[23.060s] [ 70%] [32mBuilding CXX object CMakeFiles/micro_ros_msgs__rosidl_typesupport_introspection_cpp.dir/rosidl_typesupport_introspection_cpp/micro_ros_msgs/msg/detail/entity__type_support.cpp.o[0m
[23.063s] [ 72%] [32mBuilding CXX object CMakeFiles/micro_ros_msgs__rosidl_typesupport_fastrtps_cpp.dir/rosidl_typesupport_fastrtps_cpp/micro_ros_msgs/msg/detail/dds_fastrtps/entity__type_support.cpp.o[0m
[23.918s] [ 74%] [32m[1mLinking CXX shared library libmicro_ros_msgs__rosidl_typesupport_cpp.so[0m
[24.210s] [ 74%] Built target micro_ros_msgs__rosidl_typesupport_cpp
[24.597s] [ 75%] [32m[1mLinking CXX shared library libmicro_ros_msgs__rosidl_typesupport_introspection_cpp.so[0m
[24.973s] [ 75%] Built target micro_ros_msgs__rosidl_typesupport_introspection_cpp
[25.128s] [ 77%] [32m[1mLinking CXX shared library libmicro_ros_msgs__rosidl_typesupport_fastrtps_c.so[0m
[25.451s] [ 77%] Built target micro_ros_msgs__rosidl_typesupport_fastrtps_c
[25.452s] [ 79%] [32m[1mLinking CXX shared library libmicro_ros_msgs__rosidl_typesupport_fastrtps_cpp.so[0m
[25.716s] [ 79%] Built target micro_ros_msgs__rosidl_typesupport_fastrtps_cpp
[25.773s] [ 79%] Built target micro_ros_msgs
[25.828s] [ 81%] [34m[1mGenerating Python code for ROS interfaces[0m
[27.391s] [ 81%] Built target micro_ros_msgs__py
[27.455s] [ 83%] [32mBuilding C object CMakeFiles/micro_ros_msgs__rosidl_generator_py.dir/rosidl_generator_py/micro_ros_msgs/msg/_graph_s.c.o[0m
[27.465s] [ 85%] [32mBuilding C object CMakeFiles/micro_ros_msgs__rosidl_generator_py.dir/rosidl_generator_py/micro_ros_msgs/msg/_node_s.c.o[0m
[27.947s] [ 87%] [32mBuilding C object CMakeFiles/micro_ros_msgs__rosidl_generator_py.dir/rosidl_generator_py/micro_ros_msgs/msg/_entity_s.c.o[0m
[28.355s] [ 88%] [32m[1mLinking C shared library libmicro_ros_msgs__rosidl_generator_py.so[0m
[28.498s] [ 88%] Built target micro_ros_msgs__rosidl_generator_py
[28.572s] [ 90%] [32mBuilding C object CMakeFiles/micro_ros_msgs_s__rosidl_typesupport_fastrtps_c.dir/rosidl_generator_py/micro_ros_msgs/_micro_ros_msgs_s.ep.rosidl_typesupport_fastrtps_c.c.o[0m
[28.578s] [ 92%] [32mBuilding C object CMakeFiles/micro_ros_msgs_s__rosidl_typesupport_introspection_c.dir/rosidl_generator_py/micro_ros_msgs/_micro_ros_msgs_s.ep.rosidl_typesupport_introspection_c.c.o[0m
[29.001s] [ 94%] [32m[1mLinking C shared module rosidl_generator_py/micro_ros_msgs/micro_ros_msgs_s__rosidl_typesupport_introspection_c.so[0m
[29.006s] [ 96%] [32m[1mLinking C shared module rosidl_generator_py/micro_ros_msgs/micro_ros_msgs_s__rosidl_typesupport_fastrtps_c.so[0m
[29.128s] [ 96%] Built target micro_ros_msgs_s__rosidl_typesupport_introspection_c
[29.137s] [ 96%] Built target micro_ros_msgs_s__rosidl_typesupport_fastrtps_c
[29.200s] [ 98%] [32mBuilding C object CMakeFiles/micro_ros_msgs_s__rosidl_typesupport_c.dir/rosidl_generator_py/micro_ros_msgs/_micro_ros_msgs_s.ep.rosidl_typesupport_c.c.o[0m
[29.712s] [100%] [32m[1mLinking C shared module rosidl_generator_py/micro_ros_msgs/micro_ros_msgs_s__rosidl_typesupport_c.so[0m
[29.942s] [100%] Built target micro_ros_msgs_s__rosidl_typesupport_c
[30.026s] Invoked command in '/home/suryaansh/URC_ws/build/micro_ros_msgs' returned '0': CMAKE_PREFIX_PATH=${CMAKE_PREFIX_PATH}:/opt/ros/jazzy DEBUGINFOD_URLS=https://debuginfod.ubuntu.com /usr/bin/cmake --build /home/suryaansh/URC_ws/build/micro_ros_msgs -- -j8 -l8
[30.033s] Invoking command in '/home/suryaansh/URC_ws/build/micro_ros_msgs': CMAKE_PREFIX_PATH=${CMAKE_PREFIX_PATH}:/opt/ros/jazzy DEBUGINFOD_URLS=https://debuginfod.ubuntu.com /usr/bin/cmake --install /home/suryaansh/URC_ws/build/micro_ros_msgs
[30.095s] -- Install configuration: ""
[30.097s] -- Installing: /home/suryaansh/URC_ws/install/micro_ros_msgs/share/ament_index/resource_index/rosidl_interfaces/micro_ros_msgs
[30.098s] -- Installing: /home/suryaansh/URC_ws/install/micro_ros_msgs/share/micro_ros_msgs/msg/Graph.json
[30.102s] -- Installing: /home/suryaansh/URC_ws/install/micro_ros_msgs/share/micro_ros_msgs/msg/Node.json
[30.103s] -- Installing: /home/suryaansh/URC_ws/install/micro_ros_msgs/share/micro_ros_msgs/msg/Entity.json
[30.106s] -- Installing: /home/suryaansh/URC_ws/install/micro_ros_msgs/include/micro_ros_msgs/micro_ros_msgs
[30.107s] -- Installing: /home/suryaansh/URC_ws/install/micro_ros_msgs/include/micro_ros_msgs/micro_ros_msgs/msg
[30.107s] -- Installing: /home/suryaansh/URC_ws/install/micro_ros_msgs/include/micro_ros_msgs/micro_ros_msgs/msg/node.h
[30.107s] -- Installing: /home/suryaansh/URC_ws/install/micro_ros_msgs/include/micro_ros_msgs/micro_ros_msgs/msg/rosidl_generator_c__visibility_control.h
[30.108s] -- Installing: /home/suryaansh/URC_ws/install/micro_ros_msgs/include/micro_ros_msgs/micro_ros_msgs/msg/graph.h
[30.108s] -- Installing: /home/suryaansh/URC_ws/install/micro_ros_msgs/include/micro_ros_msgs/micro_ros_msgs/msg/entity.h
[30.113s] -- Installing: /home/suryaansh/URC_ws/install/micro_ros_msgs/include/micro_ros_msgs/micro_ros_msgs/msg/detail
[30.114s] -- Installing: /home/suryaansh/URC_ws/install/micro_ros_msgs/include/micro_ros_msgs/micro_ros_msgs/msg/detail/node__description.c
[30.115s] -- Installing: /home/suryaansh/URC_ws/install/micro_ros_msgs/include/micro_ros_msgs/micro_ros_msgs/msg/detail/graph__type_support.c
[30.115s] -- Installing: /home/suryaansh/URC_ws/install/micro_ros_msgs/include/micro_ros_msgs/micro_ros_msgs/msg/detail/entity__functions.c
[30.117s] -- Installing: /home/suryaansh/URC_ws/install/micro_ros_msgs/include/micro_ros_msgs/micro_ros_msgs/msg/detail/node__functions.c
[30.118s] -- Installing: /home/suryaansh/URC_ws/install/micro_ros_msgs/include/micro_ros_msgs/micro_ros_msgs/msg/detail/node__functions.h
[30.123s] -- Installing: /home/suryaansh/URC_ws/install/micro_ros_msgs/include/micro_ros_msgs/micro_ros_msgs/msg/detail/graph__type_support.h
[30.123s] -- Installing: /home/suryaansh/URC_ws/install/micro_ros_msgs/include/micro_ros_msgs/micro_ros_msgs/msg/detail/entity__description.c
[30.125s] -- Installing: /home/suryaansh/URC_ws/install/micro_ros_msgs/include/micro_ros_msgs/micro_ros_msgs/msg/detail/graph__functions.h
[30.126s] -- Installing: /home/suryaansh/URC_ws/install/micro_ros_msgs/include/micro_ros_msgs/micro_ros_msgs/msg/detail/entity__functions.h
[30.128s] -- Installing: /home/suryaansh/URC_ws/install/micro_ros_msgs/include/micro_ros_msgs/micro_ros_msgs/msg/detail/entity__type_support.c
[30.129s] -- Installing: /home/suryaansh/URC_ws/install/micro_ros_msgs/include/micro_ros_msgs/micro_ros_msgs/msg/detail/graph__description.c
[30.132s] -- Installing: /home/suryaansh/URC_ws/install/micro_ros_msgs/include/micro_ros_msgs/micro_ros_msgs/msg/detail/node__type_support.c
[30.136s] -- Installing: /home/suryaansh/URC_ws/install/micro_ros_msgs/include/micro_ros_msgs/micro_ros_msgs/msg/detail/entity__struct.h
[30.136s] -- Installing: /home/suryaansh/URC_ws/install/micro_ros_msgs/include/micro_ros_msgs/micro_ros_msgs/msg/detail/graph__functions.c
[30.138s] -- Installing: /home/suryaansh/URC_ws/install/micro_ros_msgs/include/micro_ros_msgs/micro_ros_msgs/msg/detail/node__type_support.h
[30.138s] -- Installing: /home/suryaansh/URC_ws/install/micro_ros_msgs/include/micro_ros_msgs/micro_ros_msgs/msg/detail/graph__struct.h
[30.139s] -- Installing: /home/suryaansh/URC_ws/install/micro_ros_msgs/include/micro_ros_msgs/micro_ros_msgs/msg/detail/node__struct.h
[30.144s] -- Installing: /home/suryaansh/URC_ws/install/micro_ros_msgs/include/micro_ros_msgs/micro_ros_msgs/msg/detail/entity__type_support.h
[30.144s] -- Installing: /home/suryaansh/URC_ws/install/micro_ros_msgs/share/micro_ros_msgs/environment/library_path.sh
[30.150s] -- Installing: /home/suryaansh/URC_ws/install/micro_ros_msgs/share/micro_ros_msgs/environment/library_path.dsv
[30.151s] -- Installing: /home/suryaansh/URC_ws/install/micro_ros_msgs/lib/libmicro_ros_msgs__rosidl_generator_c.so
[30.158s] -- Set non-toolchain portion of runtime path of "/home/suryaansh/URC_ws/install/micro_ros_msgs/lib/libmicro_ros_msgs__rosidl_generator_c.so" to ""
[30.158s] -- Up-to-date: /home/suryaansh/URC_ws/install/micro_ros_msgs/include/micro_ros_msgs/micro_ros_msgs
[30.158s] -- Up-to-date: /home/suryaansh/URC_ws/install/micro_ros_msgs/include/micro_ros_msgs/micro_ros_msgs/msg
[30.159s] -- Installing: /home/suryaansh/URC_ws/install/micro_ros_msgs/include/micro_ros_msgs/micro_ros_msgs/msg/rosidl_typesupport_fastrtps_c__visibility_control.h
[30.161s] -- Up-to-date: /home/suryaansh/URC_ws/install/micro_ros_msgs/include/micro_ros_msgs/micro_ros_msgs/msg/detail
[30.161s] -- Installing: /home/suryaansh/URC_ws/install/micro_ros_msgs/include/micro_ros_msgs/micro_ros_msgs/msg/detail/entity__rosidl_typesupport_fastrtps_c.h
[30.161s] -- Installing: /home/suryaansh/URC_ws/install/micro_ros_msgs/include/micro_ros_msgs/micro_ros_msgs/msg/detail/node__rosidl_typesupport_fastrtps_c.h
[30.170s] -- Installing: /home/suryaansh/URC_ws/install/micro_ros_msgs/include/micro_ros_msgs/micro_ros_msgs/msg/detail/graph__rosidl_typesupport_fastrtps_c.h
[30.170s] -- Installing: /home/suryaansh/URC_ws/install/micro_ros_msgs/lib/libmicro_ros_msgs__rosidl_typesupport_fastrtps_c.so
[30.172s] -- Set non-toolchain portion of runtime path of "/home/suryaansh/URC_ws/install/micro_ros_msgs/lib/libmicro_ros_msgs__rosidl_typesupport_fastrtps_c.so" to ""
[30.174s] -- Up-to-date: /home/suryaansh/URC_ws/install/micro_ros_msgs/include/micro_ros_msgs/micro_ros_msgs
[30.175s] -- Up-to-date: /home/suryaansh/URC_ws/install/micro_ros_msgs/include/micro_ros_msgs/micro_ros_msgs/msg
[30.175s] -- Up-to-date: /home/suryaansh/URC_ws/install/micro_ros_msgs/include/micro_ros_msgs/micro_ros_msgs/msg/detail
[30.177s] -- Installing: /home/suryaansh/URC_ws/install/micro_ros_msgs/include/micro_ros_msgs/micro_ros_msgs/msg/detail/graph__type_support.c
[30.177s] -- Installing: /home/suryaansh/URC_ws/install/micro_ros_msgs/include/micro_ros_msgs/micro_ros_msgs/msg/detail/graph__rosidl_typesupport_introspection_c.h
[30.179s] -- Installing: /home/suryaansh/URC_ws/install/micro_ros_msgs/include/micro_ros_msgs/micro_ros_msgs/msg/detail/entity__type_support.c
[30.180s] -- Installing: /home/suryaansh/URC_ws/install/micro_ros_msgs/include/micro_ros_msgs/micro_ros_msgs/msg/detail/entity__rosidl_typesupport_introspection_c.h
[30.182s] -- Installing: /home/suryaansh/URC_ws/install/micro_ros_msgs/include/micro_ros_msgs/micro_ros_msgs/msg/detail/node__rosidl_typesupport_introspection_c.h
[30.183s] -- Installing: /home/suryaansh/URC_ws/install/micro_ros_msgs/include/micro_ros_msgs/micro_ros_msgs/msg/detail/node__type_support.c
[30.184s] -- Installing: /home/suryaansh/URC_ws/install/micro_ros_msgs/include/micro_ros_msgs/micro_ros_msgs/msg/rosidl_typesupport_introspection_c__visibility_control.h
[30.186s] -- Installing: /home/suryaansh/URC_ws/install/micro_ros_msgs/lib/libmicro_ros_msgs__rosidl_typesupport_introspection_c.so
[30.192s] -- Set non-toolchain portion of runtime path of "/home/suryaansh/URC_ws/install/micro_ros_msgs/lib/libmicro_ros_msgs__rosidl_typesupport_introspection_c.so" to ""
[30.192s] -- Installing: /home/suryaansh/URC_ws/install/micro_ros_msgs/lib/libmicro_ros_msgs__rosidl_typesupport_c.so
[30.193s] -- Set non-toolchain portion of runtime path of "/home/suryaansh/URC_ws/install/micro_ros_msgs/lib/libmicro_ros_msgs__rosidl_typesupport_c.so" to ""
[30.199s] -- Up-to-date: /home/suryaansh/URC_ws/install/micro_ros_msgs/include/micro_ros_msgs/micro_ros_msgs
[30.199s] -- Up-to-date: /home/suryaansh/URC_ws/install/micro_ros_msgs/include/micro_ros_msgs/micro_ros_msgs/msg
[30.199s] -- Up-to-date: /home/suryaansh/URC_ws/install/micro_ros_msgs/include/micro_ros_msgs/micro_ros_msgs/msg/detail
[30.200s] -- Installing: /home/suryaansh/URC_ws/install/micro_ros_msgs/include/micro_ros_msgs/micro_ros_msgs/msg/detail/node__struct.hpp
[30.200s] -- Installing: /home/suryaansh/URC_ws/install/micro_ros_msgs/include/micro_ros_msgs/micro_ros_msgs/msg/detail/entity__type_support.hpp
[30.202s] -- Installing: /home/suryaansh/URC_ws/install/micro_ros_msgs/include/micro_ros_msgs/micro_ros_msgs/msg/detail/node__builder.hpp
[30.203s] -- Installing: /home/suryaansh/URC_ws/install/micro_ros_msgs/include/micro_ros_msgs/micro_ros_msgs/msg/detail/graph__struct.hpp
[30.203s] -- Installing: /home/suryaansh/URC_ws/install/micro_ros_msgs/include/micro_ros_msgs/micro_ros_msgs/msg/detail/entity__struct.hpp
[30.205s] -- Installing: /home/suryaansh/URC_ws/install/micro_ros_msgs/include/micro_ros_msgs/micro_ros_msgs/msg/detail/node__traits.hpp
[30.205s] -- Installing: /home/suryaansh/URC_ws/install/micro_ros_msgs/include/micro_ros_msgs/micro_ros_msgs/msg/detail/entity__builder.hpp
[30.205s] -- Installing: /home/suryaansh/URC_ws/install/micro_ros_msgs/include/micro_ros_msgs/micro_ros_msgs/msg/detail/graph__traits.hpp
[30.207s] -- Installing: /home/suryaansh/URC_ws/install/micro_ros_msgs/include/micro_ros_msgs/micro_ros_msgs/msg/detail/node__type_support.hpp
[30.207s] -- Installing: /home/suryaansh/URC_ws/install/micro_ros_msgs/include/micro_ros_msgs/micro_ros_msgs/msg/detail/graph__type_support.hpp
[30.209s] -- Installing: /home/suryaansh/URC_ws/install/micro_ros_msgs/include/micro_ros_msgs/micro_ros_msgs/msg/detail/graph__builder.hpp
[30.209s] -- Installing: /home/suryaansh/URC_ws/install/micro_ros_msgs/include/micro_ros_msgs/micro_ros_msgs/msg/detail/entity__traits.hpp
[30.211s] -- Installing: /home/suryaansh/URC_ws/install/micro_ros_msgs/include/micro_ros_msgs/micro_ros_msgs/msg/graph.hpp
[30.211s] -- Installing: /home/suryaansh/URC_ws/install/micro_ros_msgs/include/micro_ros_msgs/micro_ros_msgs/msg/rosidl_generator_cpp__visibility_control.hpp
[30.213s] -- Installing: /home/suryaansh/URC_ws/install/micro_ros_msgs/include/micro_ros_msgs/micro_ros_msgs/msg/node.hpp
[30.218s] -- Installing: /home/suryaansh/URC_ws/install/micro_ros_msgs/include/micro_ros_msgs/micro_ros_msgs/msg/entity.hpp
[30.218s] -- Up-to-date: /home/suryaansh/URC_ws/install/micro_ros_msgs/include/micro_ros_msgs/micro_ros_msgs
[30.219s] -- Up-to-date: /home/suryaansh/URC_ws/install/micro_ros_msgs/include/micro_ros_msgs/micro_ros_msgs/msg
[30.220s] -- Up-to-date: /home/suryaansh/URC_ws/install/micro_ros_msgs/include/micro_ros_msgs/micro_ros_msgs/msg/detail
[30.222s] -- Installing: /home/suryaansh/URC_ws/install/micro_ros_msgs/include/micro_ros_msgs/micro_ros_msgs/msg/detail/graph__rosidl_typesupport_fastrtps_cpp.hpp
[30.222s] -- Installing: /home/suryaansh/URC_ws/install/micro_ros_msgs/include/micro_ros_msgs/micro_ros_msgs/msg/detail/entity__rosidl_typesupport_fastrtps_cpp.hpp
[30.223s] -- Installing: /home/suryaansh/URC_ws/install/micro_ros_msgs/include/micro_ros_msgs/micro_ros_msgs/msg/detail/dds_fastrtps
[30.223s] -- Installing: /home/suryaansh/URC_ws/install/micro_ros_msgs/include/micro_ros_msgs/micro_ros_msgs/msg/detail/node__rosidl_typesupport_fastrtps_cpp.hpp
[30.229s] -- Installing: /home/suryaansh/URC_ws/install/micro_ros_msgs/include/micro_ros_msgs/micro_ros_msgs/msg/rosidl_typesupport_fastrtps_cpp__visibility_control.h
[30.229s] -- Installing: /home/suryaansh/URC_ws/install/micro_ros_msgs/lib/libmicro_ros_msgs__rosidl_typesupport_fastrtps_cpp.so
[30.236s] -- Set non-toolchain portion of runtime path of "/home/suryaansh/URC_ws/install/micro_ros_msgs/lib/libmicro_ros_msgs__rosidl_typesupport_fastrtps_cpp.so" to ""
[30.237s] -- Up-to-date: /home/suryaansh/URC_ws/install/micro_ros_msgs/include/micro_ros_msgs/micro_ros_msgs
[30.239s] -- Up-to-date: /home/suryaansh/URC_ws/install/micro_ros_msgs/include/micro_ros_msgs/micro_ros_msgs/msg
[30.239s] -- Up-to-date: /home/suryaansh/URC_ws/install/micro_ros_msgs/include/micro_ros_msgs/micro_ros_msgs/msg/detail
[30.242s] -- Installing: /home/suryaansh/URC_ws/install/micro_ros_msgs/include/micro_ros_msgs/micro_ros_msgs/msg/detail/node__rosidl_typesupport_introspection_cpp.hpp
[30.242s] -- Installing: /home/suryaansh/URC_ws/install/micro_ros_msgs/include/micro_ros_msgs/micro_ros_msgs/msg/detail/entity__type_support.cpp
[30.244s] -- Installing: /home/suryaansh/URC_ws/install/micro_ros_msgs/include/micro_ros_msgs/micro_ros_msgs/msg/detail/entity__rosidl_typesupport_introspection_cpp.hpp
[30.245s] -- Installing: /home/suryaansh/URC_ws/install/micro_ros_msgs/include/micro_ros_msgs/micro_ros_msgs/msg/detail/graph__rosidl_typesupport_introspection_cpp.hpp
[30.248s] -- Installing: /home/suryaansh/URC_ws/install/micro_ros_msgs/include/micro_ros_msgs/micro_ros_msgs/msg/detail/graph__type_support.cpp
[30.249s] -- Installing: /home/suryaansh/URC_ws/install/micro_ros_msgs/include/micro_ros_msgs/micro_ros_msgs/msg/detail/node__type_support.cpp
[30.251s] -- Installing: /home/suryaansh/URC_ws/install/micro_ros_msgs/lib/libmicro_ros_msgs__rosidl_typesupport_introspection_cpp.so
[30.253s] -- Set non-toolchain portion of runtime path of "/home/suryaansh/URC_ws/install/micro_ros_msgs/lib/libmicro_ros_msgs__rosidl_typesupport_introspection_cpp.so" to ""
[30.255s] -- Installing: /home/suryaansh/URC_ws/install/micro_ros_msgs/lib/libmicro_ros_msgs__rosidl_typesupport_cpp.so
[30.261s] -- Set non-toolchain portion of runtime path of "/home/suryaansh/URC_ws/install/micro_ros_msgs/lib/libmicro_ros_msgs__rosidl_typesupport_cpp.so" to ""
[30.261s] -- Installing: /home/suryaansh/URC_ws/install/micro_ros_msgs/share/micro_ros_msgs/environment/pythonpath.sh
[30.263s] -- Installing: /home/suryaansh/URC_ws/install/micro_ros_msgs/share/micro_ros_msgs/environment/pythonpath.dsv
[30.265s] -- Installing: /home/suryaansh/URC_ws/install/micro_ros_msgs/lib/python3.12/site-packages/micro_ros_msgs-5.0.2-py3.12.egg-info
[30.266s] -- Installing: /home/suryaansh/URC_ws/install/micro_ros_msgs/lib/python3.12/site-packages/micro_ros_msgs-5.0.2-py3.12.egg-info/PKG-INFO
[30.268s] -- Installing: /home/suryaansh/URC_ws/install/micro_ros_msgs/lib/python3.12/site-packages/micro_ros_msgs-5.0.2-py3.12.egg-info/top_level.txt
[30.269s] -- Installing: /home/suryaansh/URC_ws/install/micro_ros_msgs/lib/python3.12/site-packages/micro_ros_msgs-5.0.2-py3.12.egg-info/dependency_links.txt
[30.270s] -- Installing: /home/suryaansh/URC_ws/install/micro_ros_msgs/lib/python3.12/site-packages/micro_ros_msgs-5.0.2-py3.12.egg-info/SOURCES.txt
[30.271s] -- Installing: /home/suryaansh/URC_ws/install/micro_ros_msgs/lib/python3.12/site-packages/micro_ros_msgs
[30.273s] -- Installing: /home/suryaansh/URC_ws/install/micro_ros_msgs/lib/python3.12/site-packages/micro_ros_msgs/micro_ros_msgs_s__rosidl_typesupport_fastrtps_c.so
[30.274s] -- Installing: /home/suryaansh/URC_ws/install/micro_ros_msgs/lib/python3.12/site-packages/micro_ros_msgs/micro_ros_msgs_s__rosidl_typesupport_introspection_c.so
[30.275s] -- Installing: /home/suryaansh/URC_ws/install/micro_ros_msgs/lib/python3.12/site-packages/micro_ros_msgs/_micro_ros_msgs_s.ep.rosidl_typesupport_introspection_c.c
[30.276s] -- Installing: /home/suryaansh/URC_ws/install/micro_ros_msgs/lib/python3.12/site-packages/micro_ros_msgs/_micro_ros_msgs_s.ep.rosidl_typesupport_fastrtps_c.c
[30.278s] -- Installing: /home/suryaansh/URC_ws/install/micro_ros_msgs/lib/python3.12/site-packages/micro_ros_msgs/_micro_ros_msgs_s.ep.rosidl_typesupport_c.c
[30.279s] -- Installing: /home/suryaansh/URC_ws/install/micro_ros_msgs/lib/python3.12/site-packages/micro_ros_msgs/msg
[30.280s] -- Installing: /home/suryaansh/URC_ws/install/micro_ros_msgs/lib/python3.12/site-packages/micro_ros_msgs/msg/_entity.py
[30.281s] -- Installing: /home/suryaansh/URC_ws/install/micro_ros_msgs/lib/python3.12/site-packages/micro_ros_msgs/msg/_entity_s.c
[30.283s] -- Installing: /home/suryaansh/URC_ws/install/micro_ros_msgs/lib/python3.12/site-packages/micro_ros_msgs/msg/_graph_s.c
[30.284s] -- Installing: /home/suryaansh/URC_ws/install/micro_ros_msgs/lib/python3.12/site-packages/micro_ros_msgs/msg/_node_s.c
[30.285s] -- Installing: /home/suryaansh/URC_ws/install/micro_ros_msgs/lib/python3.12/site-packages/micro_ros_msgs/msg/__init__.py
[30.286s] -- Installing: /home/suryaansh/URC_ws/install/micro_ros_msgs/lib/python3.12/site-packages/micro_ros_msgs/msg/_node.py
[30.287s] -- Installing: /home/suryaansh/URC_ws/install/micro_ros_msgs/lib/python3.12/site-packages/micro_ros_msgs/msg/_graph.py
[30.288s] -- Installing: /home/suryaansh/URC_ws/install/micro_ros_msgs/lib/python3.12/site-packages/micro_ros_msgs/micro_ros_msgs_s__rosidl_typesupport_c.so
[30.291s] -- Installing: /home/suryaansh/URC_ws/install/micro_ros_msgs/lib/python3.12/site-packages/micro_ros_msgs/__init__.py
[30.659s] Listing '/home/suryaansh/URC_ws/install/micro_ros_msgs/lib/python3.12/site-packages/micro_ros_msgs'...
[30.659s] Compiling '/home/suryaansh/URC_ws/install/micro_ros_msgs/lib/python3.12/site-packages/micro_ros_msgs/__init__.py'...
[30.659s] Listing '/home/suryaansh/URC_ws/install/micro_ros_msgs/lib/python3.12/site-packages/micro_ros_msgs/msg'...
[30.660s] Compiling '/home/suryaansh/URC_ws/install/micro_ros_msgs/lib/python3.12/site-packages/micro_ros_msgs/msg/__init__.py'...
[30.660s] Compiling '/home/suryaansh/URC_ws/install/micro_ros_msgs/lib/python3.12/site-packages/micro_ros_msgs/msg/_entity.py'...
[30.660s] Compiling '/home/suryaansh/URC_ws/install/micro_ros_msgs/lib/python3.12/site-packages/micro_ros_msgs/msg/_graph.py'...
[30.661s] Compiling '/home/suryaansh/URC_ws/install/micro_ros_msgs/lib/python3.12/site-packages/micro_ros_msgs/msg/_node.py'...
[30.710s] -- Installing: /home/suryaansh/URC_ws/install/micro_ros_msgs/lib/python3.12/site-packages/micro_ros_msgs/micro_ros_msgs_s__rosidl_typesupport_fastrtps_c.so
[30.710s] -- Set non-toolchain portion of runtime path of "/home/suryaansh/URC_ws/install/micro_ros_msgs/lib/python3.12/site-packages/micro_ros_msgs/micro_ros_msgs_s__rosidl_typesupport_fastrtps_c.so" to ""
[30.717s] -- Installing: /home/suryaansh/URC_ws/install/micro_ros_msgs/lib/python3.12/site-packages/micro_ros_msgs/micro_ros_msgs_s__rosidl_typesupport_introspection_c.so
[30.717s] -- Set non-toolchain portion of runtime path of "/home/suryaansh/URC_ws/install/micro_ros_msgs/lib/python3.12/site-packages/micro_ros_msgs/micro_ros_msgs_s__rosidl_typesupport_introspection_c.so" to ""
[30.722s] -- Installing: /home/suryaansh/URC_ws/install/micro_ros_msgs/lib/python3.12/site-packages/micro_ros_msgs/micro_ros_msgs_s__rosidl_typesupport_c.so
[30.722s] -- Set non-toolchain portion of runtime path of "/home/suryaansh/URC_ws/install/micro_ros_msgs/lib/python3.12/site-packages/micro_ros_msgs/micro_ros_msgs_s__rosidl_typesupport_c.so" to ""
[30.727s] -- Installing: /home/suryaansh/URC_ws/install/micro_ros_msgs/lib/libmicro_ros_msgs__rosidl_generator_py.so
[30.736s] -- Set non-toolchain portion of runtime path of "/home/suryaansh/URC_ws/install/micro_ros_msgs/lib/libmicro_ros_msgs__rosidl_generator_py.so" to ""
[30.737s] -- Installing: /home/suryaansh/URC_ws/install/micro_ros_msgs/share/micro_ros_msgs/msg/Graph.idl
[30.739s] -- Installing: /home/suryaansh/URC_ws/install/micro_ros_msgs/share/micro_ros_msgs/msg/Node.idl
[30.741s] -- Installing: /home/suryaansh/URC_ws/install/micro_ros_msgs/share/micro_ros_msgs/msg/Entity.idl
[30.748s] -- Installing: /home/suryaansh/URC_ws/install/micro_ros_msgs/share/micro_ros_msgs/msg/Graph.msg
[30.749s] -- Installing: /home/suryaansh/URC_ws/install/micro_ros_msgs/share/micro_ros_msgs/msg/Node.msg
[30.749s] -- Installing: /home/suryaansh/URC_ws/install/micro_ros_msgs/share/micro_ros_msgs/msg/Entity.msg
[30.749s] -- Installing: /home/suryaansh/URC_ws/install/micro_ros_msgs/share/ament_index/resource_index/package_run_dependencies/micro_ros_msgs
[30.749s] -- Installing: /home/suryaansh/URC_ws/install/micro_ros_msgs/share/ament_index/resource_index/parent_prefix_path/micro_ros_msgs
[30.753s] -- Installing: /home/suryaansh/URC_ws/install/micro_ros_msgs/share/micro_ros_msgs/environment/ament_prefix_path.sh
[30.754s] -- Installing: /home/suryaansh/URC_ws/install/micro_ros_msgs/share/micro_ros_msgs/environment/ament_prefix_path.dsv
[30.756s] -- Installing: /home/suryaansh/URC_ws/install/micro_ros_msgs/share/micro_ros_msgs/environment/path.sh
[30.756s] -- Installing: /home/suryaansh/URC_ws/install/micro_ros_msgs/share/micro_ros_msgs/environment/path.dsv
[30.758s] -- Installing: /home/suryaansh/URC_ws/install/micro_ros_msgs/share/micro_ros_msgs/local_setup.bash
[30.761s] -- Installing: /home/suryaansh/URC_ws/install/micro_ros_msgs/share/micro_ros_msgs/local_setup.sh
[30.761s] -- Installing: /home/suryaansh/URC_ws/install/micro_ros_msgs/share/micro_ros_msgs/local_setup.zsh
[30.768s] -- Installing: /home/suryaansh/URC_ws/install/micro_ros_msgs/share/micro_ros_msgs/local_setup.dsv
[30.769s] -- Installing: /home/suryaansh/URC_ws/install/micro_ros_msgs/share/micro_ros_msgs/package.dsv
[30.769s] -- Installing: /home/suryaansh/URC_ws/install/micro_ros_msgs/share/ament_index/resource_index/packages/micro_ros_msgs
[30.769s] -- Installing: /home/suryaansh/URC_ws/install/micro_ros_msgs/share/micro_ros_msgs/cmake/export_micro_ros_msgs__rosidl_generator_cExport.cmake
[30.770s] -- Installing: /home/suryaansh/URC_ws/install/micro_ros_msgs/share/micro_ros_msgs/cmake/export_micro_ros_msgs__rosidl_generator_cExport-noconfig.cmake
[30.772s] -- Installing: /home/suryaansh/URC_ws/install/micro_ros_msgs/share/micro_ros_msgs/cmake/export_micro_ros_msgs__rosidl_typesupport_fastrtps_cExport.cmake
[30.776s] -- Installing: /home/suryaansh/URC_ws/install/micro_ros_msgs/share/micro_ros_msgs/cmake/export_micro_ros_msgs__rosidl_typesupport_fastrtps_cExport-noconfig.cmake
[30.778s] -- Installing: /home/suryaansh/URC_ws/install/micro_ros_msgs/share/micro_ros_msgs/cmake/micro_ros_msgs__rosidl_typesupport_introspection_cExport.cmake
[30.778s] -- Installing: /home/suryaansh/URC_ws/install/micro_ros_msgs/share/micro_ros_msgs/cmake/micro_ros_msgs__rosidl_typesupport_introspection_cExport-noconfig.cmake
[30.779s] -- Installing: /home/suryaansh/URC_ws/install/micro_ros_msgs/share/micro_ros_msgs/cmake/micro_ros_msgs__rosidl_typesupport_cExport.cmake
[30.786s] -- Installing: /home/suryaansh/URC_ws/install/micro_ros_msgs/share/micro_ros_msgs/cmake/micro_ros_msgs__rosidl_typesupport_cExport-noconfig.cmake
[30.786s] -- Installing: /home/suryaansh/URC_ws/install/micro_ros_msgs/share/micro_ros_msgs/cmake/export_micro_ros_msgs__rosidl_generator_cppExport.cmake
[30.786s] -- Installing: /home/suryaansh/URC_ws/install/micro_ros_msgs/share/micro_ros_msgs/cmake/export_micro_ros_msgs__rosidl_typesupport_fastrtps_cppExport.cmake
[30.787s] -- Installing: /home/suryaansh/URC_ws/install/micro_ros_msgs/share/micro_ros_msgs/cmake/export_micro_ros_msgs__rosidl_typesupport_fastrtps_cppExport-noconfig.cmake
[30.789s] -- Installing: /home/suryaansh/URC_ws/install/micro_ros_msgs/share/micro_ros_msgs/cmake/micro_ros_msgs__rosidl_typesupport_introspection_cppExport.cmake
[30.789s] -- Installing: /home/suryaansh/URC_ws/install/micro_ros_msgs/share/micro_ros_msgs/cmake/micro_ros_msgs__rosidl_typesupport_introspection_cppExport-noconfig.cmake
[30.793s] -- Installing: /home/suryaansh/URC_ws/install/micro_ros_msgs/share/micro_ros_msgs/cmake/micro_ros_msgs__rosidl_typesupport_cppExport.cmake
[30.793s] -- Installing: /home/suryaansh/URC_ws/install/micro_ros_msgs/share/micro_ros_msgs/cmake/micro_ros_msgs__rosidl_typesupport_cppExport-noconfig.cmake
[30.799s] -- Installing: /home/suryaansh/URC_ws/install/micro_ros_msgs/share/micro_ros_msgs/cmake/export_micro_ros_msgs__rosidl_generator_pyExport.cmake
[30.799s] -- Installing: /home/suryaansh/URC_ws/install/micro_ros_msgs/share/micro_ros_msgs/cmake/export_micro_ros_msgs__rosidl_generator_pyExport-noconfig.cmake
[30.799s] -- Installing: /home/suryaansh/URC_ws/install/micro_ros_msgs/share/micro_ros_msgs/cmake/rosidl_cmake-extras.cmake
[30.803s] -- Installing: /home/suryaansh/URC_ws/install/micro_ros_msgs/share/micro_ros_msgs/cmake/ament_cmake_export_include_directories-extras.cmake
[30.803s] -- Installing: /home/suryaansh/URC_ws/install/micro_ros_msgs/share/micro_ros_msgs/cmake/ament_cmake_export_libraries-extras.cmake
[30.809s] -- Installing: /home/suryaansh/URC_ws/install/micro_ros_msgs/share/micro_ros_msgs/cmake/ament_cmake_export_targets-extras.cmake
[30.810s] -- Installing: /home/suryaansh/URC_ws/install/micro_ros_msgs/share/micro_ros_msgs/cmake/rosidl_cmake_export_typesupport_targets-extras.cmake
[30.810s] -- Installing: /home/suryaansh/URC_ws/install/micro_ros_msgs/share/micro_ros_msgs/cmake/ament_cmake_export_dependencies-extras.cmake
[30.811s] -- Installing: /home/suryaansh/URC_ws/install/micro_ros_msgs/share/micro_ros_msgs/cmake/rosidl_cmake_export_typesupport_libraries-extras.cmake
[30.818s] -- Installing: /home/suryaansh/URC_ws/install/micro_ros_msgs/share/micro_ros_msgs/cmake/micro_ros_msgsConfig.cmake
[30.818s] -- Installing: /home/suryaansh/URC_ws/install/micro_ros_msgs/share/micro_ros_msgs/cmake/micro_ros_msgsConfig-version.cmake
[30.819s] -- Installing: /home/suryaansh/URC_ws/install/micro_ros_msgs/share/micro_ros_msgs/package.xml
[30.823s] Invoked command in '/home/suryaansh/URC_ws/build/micro_ros_msgs' returned '0': CMAKE_PREFIX_PATH=${CMAKE_PREFIX_PATH}:/opt/ros/jazzy DEBUGINFOD_URLS=https://debuginfod.ubuntu.com /usr/bin/cmake --install /home/suryaansh/URC_ws/build/micro_ros_msgs
